[DEBUG] 2020-04-27 17:21:13,956 | /home/sharmila/frappe-bench/apps/frappe/frappe/utils/scheduler.py:
Site: recruitpro.local
Queued events for site recruitpro.local
[DEBUG] 2020-04-27 17:22:14,203 | /home/sharmila/frappe-bench/apps/frappe/frappe/utils/scheduler.py:
Site: recruitpro.local
Queued events for site recruitpro.local
[DEBUG] 2020-04-27 17:23:14,402 | /home/sharmila/frappe-bench/apps/frappe/frappe/utils/scheduler.py:
Site: recruitpro.local
Queued events for site recruitpro.local
[DEBUG] 2020-04-27 17:24:14,625 | /home/sharmila/frappe-bench/apps/frappe/frappe/utils/scheduler.py:
Site: recruitpro.local
Queued events for site recruitpro.local
[DEBUG] 2020-04-27 17:25:14,887 | /home/sharmila/frappe-bench/apps/frappe/frappe/utils/scheduler.py:
Site: recruitpro.local
Queued events for site recruitpro.local
[DEBUG] 2020-04-27 17:26:15,087 | /home/sharmila/frappe-bench/apps/frappe/frappe/utils/scheduler.py:
Site: recruitpro.local
Queued events for site recruitpro.local
[DEBUG] 2020-04-27 17:27:15,301 | /home/sharmila/frappe-bench/apps/frappe/frappe/utils/scheduler.py:
Site: recruitpro.local
Queued events for site recruitpro.local
[DEBUG] 2020-04-27 17:28:15,522 | /home/sharmila/frappe-bench/apps/frappe/frappe/utils/scheduler.py:
Site: recruitpro.local
Queued events for site recruitpro.local
[DEBUG] 2020-04-27 17:29:15,722 | /home/sharmila/frappe-bench/apps/frappe/frappe/utils/scheduler.py:
Site: recruitpro.local
Queued events for site recruitpro.local
[DEBUG] 2020-04-27 17:30:15,922 | /home/sharmila/frappe-bench/apps/frappe/frappe/utils/scheduler.py:
Site: recruitpro.local
Queued events for site recruitpro.local
[DEBUG] 2020-04-27 17:31:16,130 | /home/sharmila/frappe-bench/apps/frappe/frappe/utils/scheduler.py:
Site: recruitpro.local
Queued events for site recruitpro.local
[DEBUG] 2020-04-27 17:32:16,353 | /home/sharmila/frappe-bench/apps/frappe/frappe/utils/scheduler.py:
Site: recruitpro.local
Queued events for site recruitpro.local
[DEBUG] 2020-04-27 17:33:16,549 | /home/sharmila/frappe-bench/apps/frappe/frappe/utils/scheduler.py:
Site: recruitpro.local
Queued events for site recruitpro.local
[DEBUG] 2020-04-27 17:34:16,788 | /home/sharmila/frappe-bench/apps/frappe/frappe/utils/scheduler.py:
Site: recruitpro.local
Queued events for site recruitpro.local
[DEBUG] 2020-04-27 17:35:16,998 | /home/sharmila/frappe-bench/apps/frappe/frappe/utils/scheduler.py:
Site: recruitpro.local
Queued events for site recruitpro.local
[DEBUG] 2020-04-27 17:36:17,228 | /home/sharmila/frappe-bench/apps/frappe/frappe/utils/scheduler.py:
Site: recruitpro.local
Queued events for site recruitpro.local
[DEBUG] 2020-04-27 17:37:17,432 | /home/sharmila/frappe-bench/apps/frappe/frappe/utils/scheduler.py:
Site: recruitpro.local
Queued events for site recruitpro.local
[DEBUG] 2020-04-27 17:38:17,635 | /home/sharmila/frappe-bench/apps/frappe/frappe/utils/scheduler.py:
Site: recruitpro.local
Queued events for site recruitpro.local
[DEBUG] 2020-04-27 17:39:17,839 | /home/sharmila/frappe-bench/apps/frappe/frappe/utils/scheduler.py:
Site: recruitpro.local
Queued events for site recruitpro.local
[DEBUG] 2020-04-27 17:40:18,061 | /home/sharmila/frappe-bench/apps/frappe/frappe/utils/scheduler.py:
Site: recruitpro.local
Queued events for site recruitpro.local
[DEBUG] 2020-04-27 17:41:18,312 | /home/sharmila/frappe-bench/apps/frappe/frappe/utils/scheduler.py:
Site: recruitpro.local
Queued events for site recruitpro.local
[DEBUG] 2020-04-27 17:42:18,513 | /home/sharmila/frappe-bench/apps/frappe/frappe/utils/scheduler.py:
Site: recruitpro.local
Queued events for site recruitpro.local
[DEBUG] 2020-04-27 17:43:18,704 | /home/sharmila/frappe-bench/apps/frappe/frappe/utils/scheduler.py:
Site: recruitpro.local
Queued events for site recruitpro.local
[DEBUG] 2020-04-27 17:44:18,928 | /home/sharmila/frappe-bench/apps/frappe/frappe/utils/scheduler.py:
Site: recruitpro.local
Queued events for site recruitpro.local
[DEBUG] 2020-04-27 17:45:19,152 | /home/sharmila/frappe-bench/apps/frappe/frappe/utils/scheduler.py:
Site: recruitpro.local
Queued events for site recruitpro.local
[DEBUG] 2020-04-27 17:46:19,374 | /home/sharmila/frappe-bench/apps/frappe/frappe/utils/scheduler.py:
Site: recruitpro.local
Queued events for site recruitpro.local
[DEBUG] 2020-04-27 17:47:19,619 | /home/sharmila/frappe-bench/apps/frappe/frappe/utils/scheduler.py:
Site: recruitpro.local
Queued events for site recruitpro.local
[DEBUG] 2020-04-27 17:48:19,850 | /home/sharmila/frappe-bench/apps/frappe/frappe/utils/scheduler.py:
Site: recruitpro.local
Queued events for site recruitpro.local
[DEBUG] 2020-04-27 17:49:20,042 | /home/sharmila/frappe-bench/apps/frappe/frappe/utils/scheduler.py:
Site: recruitpro.local
Queued events for site recruitpro.local
[DEBUG] 2020-04-27 17:50:20,250 | /home/sharmila/frappe-bench/apps/frappe/frappe/utils/scheduler.py:
Site: recruitpro.local
Queued events for site recruitpro.local
[DEBUG] 2020-04-27 17:51:20,439 | /home/sharmila/frappe-bench/apps/frappe/frappe/utils/scheduler.py:
Site: recruitpro.local
Queued events for site recruitpro.local
[DEBUG] 2020-04-27 17:52:20,668 | /home/sharmila/frappe-bench/apps/frappe/frappe/utils/scheduler.py:
Site: recruitpro.local
Queued events for site recruitpro.local
[DEBUG] 2020-04-27 17:53:20,944 | /home/sharmila/frappe-bench/apps/frappe/frappe/utils/scheduler.py:
Site: recruitpro.local
Queued events for site recruitpro.local
[DEBUG] 2020-04-27 17:54:21,158 | /home/sharmila/frappe-bench/apps/frappe/frappe/utils/scheduler.py:
Site: recruitpro.local
Queued events for site recruitpro.local
[DEBUG] 2020-04-27 17:55:21,408 | /home/sharmila/frappe-bench/apps/frappe/frappe/utils/scheduler.py:
Site: recruitpro.local
Queued events for site recruitpro.local
[DEBUG] 2020-04-27 17:56:21,928 | /home/sharmila/frappe-bench/apps/frappe/frappe/utils/scheduler.py:
Site: recruitpro.local
Queued events for site recruitpro.local
[DEBUG] 2020-04-27 17:57:22,120 | /home/sharmila/frappe-bench/apps/frappe/frappe/utils/scheduler.py:
Site: recruitpro.local
Queued events for site recruitpro.local
[DEBUG] 2020-04-27 17:58:22,323 | /home/sharmila/frappe-bench/apps/frappe/frappe/utils/scheduler.py:
Site: recruitpro.local
Queued events for site recruitpro.local
[DEBUG] 2020-04-27 17:59:23,973 | /home/sharmila/frappe-bench/apps/frappe/frappe/utils/scheduler.py:
Site: recruitpro.local
Queued events for site recruitpro.local
[DEBUG] 2020-04-27 18:00:24,618 | /home/sharmila/frappe-bench/apps/frappe/frappe/utils/scheduler.py:
Site: recruitpro.local
Queued events for site recruitpro.local
[DEBUG] 2020-04-27 18:01:24,834 | /home/sharmila/frappe-bench/apps/frappe/frappe/utils/scheduler.py:
Site: recruitpro.local
Queued events for site recruitpro.local
[DEBUG] 2020-04-27 18:02:25,097 | /home/sharmila/frappe-bench/apps/frappe/frappe/utils/scheduler.py:
Site: recruitpro.local
Queued events for site recruitpro.local
[DEBUG] 2020-04-27 18:03:25,303 | /home/sharmila/frappe-bench/apps/frappe/frappe/utils/scheduler.py:
Site: recruitpro.local
Queued events for site recruitpro.local
[DEBUG] 2020-04-27 18:04:25,597 | /home/sharmila/frappe-bench/apps/frappe/frappe/utils/scheduler.py:
Site: recruitpro.local
Queued events for site recruitpro.local
[DEBUG] 2020-04-27 18:05:25,784 | /home/sharmila/frappe-bench/apps/frappe/frappe/utils/scheduler.py:
Site: recruitpro.local
Queued events for site recruitpro.local
[DEBUG] 2020-04-27 18:06:25,992 | /home/sharmila/frappe-bench/apps/frappe/frappe/utils/scheduler.py:
Site: recruitpro.local
Queued events for site recruitpro.local
[DEBUG] 2020-04-27 18:07:26,203 | /home/sharmila/frappe-bench/apps/frappe/frappe/utils/scheduler.py:
Site: recruitpro.local
Queued events for site recruitpro.local
[DEBUG] 2020-04-27 18:08:26,426 | /home/sharmila/frappe-bench/apps/frappe/frappe/utils/scheduler.py:
Site: recruitpro.local
Queued events for site recruitpro.local
[DEBUG] 2020-04-27 18:09:26,650 | /home/sharmila/frappe-bench/apps/frappe/frappe/utils/scheduler.py:
Site: recruitpro.local
Queued events for site recruitpro.local
[DEBUG] 2020-04-27 18:10:27,028 | /home/sharmila/frappe-bench/apps/frappe/frappe/utils/scheduler.py:
Site: recruitpro.local
Queued events for site recruitpro.local
[DEBUG] 2020-04-27 18:11:27,226 | /home/sharmila/frappe-bench/apps/frappe/frappe/utils/scheduler.py:
Site: recruitpro.local
Queued events for site recruitpro.local
[DEBUG] 2020-04-27 18:12:27,441 | /home/sharmila/frappe-bench/apps/frappe/frappe/utils/scheduler.py:
Site: recruitpro.local
Queued events for site recruitpro.local
[DEBUG] 2020-04-27 18:13:27,634 | /home/sharmila/frappe-bench/apps/frappe/frappe/utils/scheduler.py:
Site: recruitpro.local
Queued events for site recruitpro.local
[DEBUG] 2020-04-27 18:14:27,831 | /home/sharmila/frappe-bench/apps/frappe/frappe/utils/scheduler.py:
Site: recruitpro.local
Queued events for site recruitpro.local
[DEBUG] 2020-04-27 18:15:28,037 | /home/sharmila/frappe-bench/apps/frappe/frappe/utils/scheduler.py:
Site: recruitpro.local
Queued events for site recruitpro.local
[DEBUG] 2020-04-27 18:16:28,276 | /home/sharmila/frappe-bench/apps/frappe/frappe/utils/scheduler.py:
Site: recruitpro.local
Queued events for site recruitpro.local
[DEBUG] 2020-04-27 18:17:28,482 | /home/sharmila/frappe-bench/apps/frappe/frappe/utils/scheduler.py:
Site: recruitpro.local
Queued events for site recruitpro.local
[DEBUG] 2020-04-27 18:18:28,688 | /home/sharmila/frappe-bench/apps/frappe/frappe/utils/scheduler.py:
Site: recruitpro.local
Queued events for site recruitpro.local
[DEBUG] 2020-04-27 18:19:28,899 | /home/sharmila/frappe-bench/apps/frappe/frappe/utils/scheduler.py:
Site: recruitpro.local
Queued events for site recruitpro.local
[DEBUG] 2020-04-27 18:20:29,120 | /home/sharmila/frappe-bench/apps/frappe/frappe/utils/scheduler.py:
Site: recruitpro.local
Queued events for site recruitpro.local
[DEBUG] 2020-04-27 18:21:29,327 | /home/sharmila/frappe-bench/apps/frappe/frappe/utils/scheduler.py:
Site: recruitpro.local
Queued events for site recruitpro.local
[DEBUG] 2020-04-27 18:22:29,527 | /home/sharmila/frappe-bench/apps/frappe/frappe/utils/scheduler.py:
Site: recruitpro.local
Queued events for site recruitpro.local
[DEBUG] 2020-04-27 18:23:29,962 | /home/sharmila/frappe-bench/apps/frappe/frappe/utils/scheduler.py:
Site: recruitpro.local
Queued events for site recruitpro.local
[DEBUG] 2020-04-27 18:24:30,190 | /home/sharmila/frappe-bench/apps/frappe/frappe/utils/scheduler.py:
Site: recruitpro.local
Queued events for site recruitpro.local
[DEBUG] 2020-04-27 18:25:30,398 | /home/sharmila/frappe-bench/apps/frappe/frappe/utils/scheduler.py:
Site: recruitpro.local
Queued events for site recruitpro.local
[DEBUG] 2020-04-27 18:26:30,661 | /home/sharmila/frappe-bench/apps/frappe/frappe/utils/scheduler.py:
Site: recruitpro.local
Queued events for site recruitpro.local
[DEBUG] 2020-04-27 18:27:30,852 | /home/sharmila/frappe-bench/apps/frappe/frappe/utils/scheduler.py:
Site: recruitpro.local
Queued events for site recruitpro.local
[DEBUG] 2020-04-27 18:28:31,096 | /home/sharmila/frappe-bench/apps/frappe/frappe/utils/scheduler.py:
Site: recruitpro.local
Queued events for site recruitpro.local
[DEBUG] 2020-04-27 18:29:31,332 | /home/sharmila/frappe-bench/apps/frappe/frappe/utils/scheduler.py:
Site: recruitpro.local
Queued events for site recruitpro.local
[DEBUG] 2020-04-27 18:30:31,526 | /home/sharmila/frappe-bench/apps/frappe/frappe/utils/scheduler.py:
Site: recruitpro.local
Queued events for site recruitpro.local
[DEBUG] 2020-04-27 18:31:31,728 | /home/sharmila/frappe-bench/apps/frappe/frappe/utils/scheduler.py:
Site: recruitpro.local
Queued events for site recruitpro.local
[DEBUG] 2020-04-27 18:32:31,953 | /home/sharmila/frappe-bench/apps/frappe/frappe/utils/scheduler.py:
Site: recruitpro.local
Queued events for site recruitpro.local
[DEBUG] 2020-04-27 18:33:32,167 | /home/sharmila/frappe-bench/apps/frappe/frappe/utils/scheduler.py:
Site: recruitpro.local
Queued events for site recruitpro.local
[DEBUG] 2020-04-27 18:34:32,371 | /home/sharmila/frappe-bench/apps/frappe/frappe/utils/scheduler.py:
Site: recruitpro.local
Queued events for site recruitpro.local
[DEBUG] 2020-04-27 18:35:32,652 | /home/sharmila/frappe-bench/apps/frappe/frappe/utils/scheduler.py:
Site: recruitpro.local
Queued events for site recruitpro.local
[DEBUG] 2020-04-27 18:36:32,871 | /home/sharmila/frappe-bench/apps/frappe/frappe/utils/scheduler.py:
Site: recruitpro.local
Queued events for site recruitpro.local
[DEBUG] 2020-04-27 18:37:33,074 | /home/sharmila/frappe-bench/apps/frappe/frappe/utils/scheduler.py:
Site: recruitpro.local
Queued events for site recruitpro.local
[DEBUG] 2020-04-27 18:38:33,275 | /home/sharmila/frappe-bench/apps/frappe/frappe/utils/scheduler.py:
Site: recruitpro.local
Queued events for site recruitpro.local
[DEBUG] 2020-04-27 18:39:33,475 | /home/sharmila/frappe-bench/apps/frappe/frappe/utils/scheduler.py:
Site: recruitpro.local
Queued events for site recruitpro.local
[DEBUG] 2020-04-27 18:40:33,709 | /home/sharmila/frappe-bench/apps/frappe/frappe/utils/scheduler.py:
Site: recruitpro.local
Queued events for site recruitpro.local
[DEBUG] 2020-04-27 18:41:33,901 | /home/sharmila/frappe-bench/apps/frappe/frappe/utils/scheduler.py:
Site: recruitpro.local
Queued events for site recruitpro.local
[DEBUG] 2020-04-27 18:42:34,093 | /home/sharmila/frappe-bench/apps/frappe/frappe/utils/scheduler.py:
Site: recruitpro.local
Queued events for site recruitpro.local
[DEBUG] 2020-04-27 18:43:34,351 | /home/sharmila/frappe-bench/apps/frappe/frappe/utils/scheduler.py:
Site: recruitpro.local
Queued events for site recruitpro.local
[DEBUG] 2020-04-27 18:44:34,636 | /home/sharmila/frappe-bench/apps/frappe/frappe/utils/scheduler.py:
Site: recruitpro.local
Queued events for site recruitpro.local
[DEBUG] 2020-04-27 18:45:34,840 | /home/sharmila/frappe-bench/apps/frappe/frappe/utils/scheduler.py:
Site: recruitpro.local
Queued events for site recruitpro.local
[DEBUG] 2020-04-27 18:46:35,056 | /home/sharmila/frappe-bench/apps/frappe/frappe/utils/scheduler.py:
Site: recruitpro.local
Queued events for site recruitpro.local
[DEBUG] 2020-04-27 18:47:35,261 | /home/sharmila/frappe-bench/apps/frappe/frappe/utils/scheduler.py:
Site: recruitpro.local
Queued events for site recruitpro.local
[DEBUG] 2020-04-27 18:48:35,544 | /home/sharmila/frappe-bench/apps/frappe/frappe/utils/scheduler.py:
Site: recruitpro.local
Queued events for site recruitpro.local
[DEBUG] 2020-04-27 18:49:35,810 | /home/sharmila/frappe-bench/apps/frappe/frappe/utils/scheduler.py:
Site: recruitpro.local
Queued events for site recruitpro.local
[DEBUG] 2020-04-27 18:50:36,010 | /home/sharmila/frappe-bench/apps/frappe/frappe/utils/scheduler.py:
Site: recruitpro.local
Queued events for site recruitpro.local
[DEBUG] 2020-04-27 18:51:36,201 | /home/sharmila/frappe-bench/apps/frappe/frappe/utils/scheduler.py:
Site: recruitpro.local
Queued events for site recruitpro.local
[DEBUG] 2020-04-27 18:52:36,424 | /home/sharmila/frappe-bench/apps/frappe/frappe/utils/scheduler.py:
Site: recruitpro.local
Queued events for site recruitpro.local
[DEBUG] 2020-04-27 18:53:36,622 | /home/sharmila/frappe-bench/apps/frappe/frappe/utils/scheduler.py:
Site: recruitpro.local
Queued events for site recruitpro.local
[DEBUG] 2020-04-27 18:54:36,814 | /home/sharmila/frappe-bench/apps/frappe/frappe/utils/scheduler.py:
Site: recruitpro.local
Queued events for site recruitpro.local
[DEBUG] 2020-04-27 18:55:37,023 | /home/sharmila/frappe-bench/apps/frappe/frappe/utils/scheduler.py:
Site: recruitpro.local
Queued events for site recruitpro.local
[DEBUG] 2020-04-27 18:56:37,280 | /home/sharmila/frappe-bench/apps/frappe/frappe/utils/scheduler.py:
Site: recruitpro.local
Queued events for site recruitpro.local
[DEBUG] 2020-04-27 18:57:37,470 | /home/sharmila/frappe-bench/apps/frappe/frappe/utils/scheduler.py:
Site: recruitpro.local
Queued events for site recruitpro.local
[DEBUG] 2020-04-27 18:58:37,676 | /home/sharmila/frappe-bench/apps/frappe/frappe/utils/scheduler.py:
Site: recruitpro.local
Queued events for site recruitpro.local
[DEBUG] 2020-04-27 18:59:37,865 | /home/sharmila/frappe-bench/apps/frappe/frappe/utils/scheduler.py:
Site: recruitpro.local
Queued events for site recruitpro.local
[DEBUG] 2020-04-27 19:00:38,113 | /home/sharmila/frappe-bench/apps/frappe/frappe/utils/scheduler.py:
Site: recruitpro.local
Queued events for site recruitpro.local
[DEBUG] 2020-04-27 19:01:38,322 | /home/sharmila/frappe-bench/apps/frappe/frappe/utils/scheduler.py:
Site: recruitpro.local
Queued events for site recruitpro.local
[DEBUG] 2020-04-27 19:02:38,674 | /home/sharmila/frappe-bench/apps/frappe/frappe/utils/scheduler.py:
Site: recruitpro.local
Queued events for site recruitpro.local
[DEBUG] 2020-04-27 19:03:38,874 | /home/sharmila/frappe-bench/apps/frappe/frappe/utils/scheduler.py:
Site: recruitpro.local
Queued events for site recruitpro.local
[DEBUG] 2020-04-27 19:04:39,178 | /home/sharmila/frappe-bench/apps/frappe/frappe/utils/scheduler.py:
Site: recruitpro.local
Queued events for site recruitpro.local
[DEBUG] 2020-04-27 19:05:39,385 | /home/sharmila/frappe-bench/apps/frappe/frappe/utils/scheduler.py:
Site: recruitpro.local
Queued events for site recruitpro.local
[DEBUG] 2020-04-27 19:06:39,605 | /home/sharmila/frappe-bench/apps/frappe/frappe/utils/scheduler.py:
Site: recruitpro.local
Queued events for site recruitpro.local
[DEBUG] 2020-04-27 19:07:39,808 | /home/sharmila/frappe-bench/apps/frappe/frappe/utils/scheduler.py:
Site: recruitpro.local
Queued events for site recruitpro.local
[DEBUG] 2020-04-27 19:08:40,029 | /home/sharmila/frappe-bench/apps/frappe/frappe/utils/scheduler.py:
Site: recruitpro.local
Queued events for site recruitpro.local
[DEBUG] 2020-04-27 19:09:40,235 | /home/sharmila/frappe-bench/apps/frappe/frappe/utils/scheduler.py:
Site: recruitpro.local
Queued events for site recruitpro.local
[DEBUG] 2020-04-27 19:10:40,436 | /home/sharmila/frappe-bench/apps/frappe/frappe/utils/scheduler.py:
Site: recruitpro.local
Queued events for site recruitpro.local
[DEBUG] 2020-04-27 19:11:40,713 | /home/sharmila/frappe-bench/apps/frappe/frappe/utils/scheduler.py:
Site: recruitpro.local
Queued events for site recruitpro.local
[DEBUG] 2020-04-27 19:12:40,941 | /home/sharmila/frappe-bench/apps/frappe/frappe/utils/scheduler.py:
Site: recruitpro.local
Queued events for site recruitpro.local
[DEBUG] 2020-04-27 19:13:41,143 | /home/sharmila/frappe-bench/apps/frappe/frappe/utils/scheduler.py:
Site: recruitpro.local
Queued events for site recruitpro.local
[DEBUG] 2020-04-27 19:14:41,389 | /home/sharmila/frappe-bench/apps/frappe/frappe/utils/scheduler.py:
Site: recruitpro.local
Queued events for site recruitpro.local
[DEBUG] 2020-04-27 19:15:41,599 | /home/sharmila/frappe-bench/apps/frappe/frappe/utils/scheduler.py:
Site: recruitpro.local
Queued events for site recruitpro.local
[DEBUG] 2020-04-27 19:16:41,835 | /home/sharmila/frappe-bench/apps/frappe/frappe/utils/scheduler.py:
Site: recruitpro.local
Queued events for site recruitpro.local
[DEBUG] 2020-04-27 19:17:42,055 | /home/sharmila/frappe-bench/apps/frappe/frappe/utils/scheduler.py:
Site: recruitpro.local
Queued events for site recruitpro.local
[DEBUG] 2020-04-27 19:18:42,268 | /home/sharmila/frappe-bench/apps/frappe/frappe/utils/scheduler.py:
Site: recruitpro.local
Queued events for site recruitpro.local
[DEBUG] 2020-04-27 19:19:42,474 | /home/sharmila/frappe-bench/apps/frappe/frappe/utils/scheduler.py:
Site: recruitpro.local
Queued events for site recruitpro.local
[DEBUG] 2020-04-27 19:20:42,953 | /home/sharmila/frappe-bench/apps/frappe/frappe/utils/scheduler.py:
Site: recruitpro.local
Queued events for site recruitpro.local
[DEBUG] 2020-04-27 19:21:43,143 | /home/sharmila/frappe-bench/apps/frappe/frappe/utils/scheduler.py:
Site: recruitpro.local
Queued events for site recruitpro.local
[DEBUG] 2020-04-27 19:22:43,353 | /home/sharmila/frappe-bench/apps/frappe/frappe/utils/scheduler.py:
Site: recruitpro.local
Queued events for site recruitpro.local
[DEBUG] 2020-04-27 19:23:43,557 | /home/sharmila/frappe-bench/apps/frappe/frappe/utils/scheduler.py:
Site: recruitpro.local
Queued events for site recruitpro.local
[DEBUG] 2020-04-27 19:24:43,793 | /home/sharmila/frappe-bench/apps/frappe/frappe/utils/scheduler.py:
Site: recruitpro.local
Queued events for site recruitpro.local
[DEBUG] 2020-04-27 19:25:44,062 | /home/sharmila/frappe-bench/apps/frappe/frappe/utils/scheduler.py:
Site: recruitpro.local
Queued events for site recruitpro.local
[DEBUG] 2020-04-27 19:26:44,267 | /home/sharmila/frappe-bench/apps/frappe/frappe/utils/scheduler.py:
Site: recruitpro.local
Queued events for site recruitpro.local
[DEBUG] 2020-04-27 19:27:44,480 | /home/sharmila/frappe-bench/apps/frappe/frappe/utils/scheduler.py:
Site: recruitpro.local
Queued events for site recruitpro.local
[DEBUG] 2020-04-27 19:28:46,320 | /home/sharmila/frappe-bench/apps/frappe/frappe/utils/scheduler.py:
Site: recruitpro.local
Queued events for site recruitpro.local
[DEBUG] 2020-04-27 19:29:46,635 | /home/sharmila/frappe-bench/apps/frappe/frappe/utils/scheduler.py:
Site: recruitpro.local
Queued events for site recruitpro.local
[DEBUG] 2020-04-27 19:30:46,985 | /home/sharmila/frappe-bench/apps/frappe/frappe/utils/scheduler.py:
Site: recruitpro.local
Queued events for site recruitpro.local
[DEBUG] 2020-04-27 19:31:47,184 | /home/sharmila/frappe-bench/apps/frappe/frappe/utils/scheduler.py:
Site: recruitpro.local
Queued events for site recruitpro.local
[DEBUG] 2020-04-27 19:32:47,634 | /home/sharmila/frappe-bench/apps/frappe/frappe/utils/scheduler.py:
Site: recruitpro.local
Queued events for site recruitpro.local
[DEBUG] 2020-04-27 19:33:47,854 | /home/sharmila/frappe-bench/apps/frappe/frappe/utils/scheduler.py:
Site: recruitpro.local
Queued events for site recruitpro.local
[DEBUG] 2020-04-27 19:34:48,181 | /home/sharmila/frappe-bench/apps/frappe/frappe/utils/scheduler.py:
Site: recruitpro.local
Queued events for site recruitpro.local
[DEBUG] 2020-04-27 19:35:48,381 | /home/sharmila/frappe-bench/apps/frappe/frappe/utils/scheduler.py:
Site: recruitpro.local
Queued events for site recruitpro.local
[DEBUG] 2020-04-27 19:36:48,622 | /home/sharmila/frappe-bench/apps/frappe/frappe/utils/scheduler.py:
Site: recruitpro.local
Queued events for site recruitpro.local
[DEBUG] 2020-04-27 19:37:48,814 | /home/sharmila/frappe-bench/apps/frappe/frappe/utils/scheduler.py:
Site: recruitpro.local
Queued events for site recruitpro.local
[DEBUG] 2020-04-27 19:38:49,017 | /home/sharmila/frappe-bench/apps/frappe/frappe/utils/scheduler.py:
Site: recruitpro.local
Queued events for site recruitpro.local
[DEBUG] 2020-04-27 19:39:49,235 | /home/sharmila/frappe-bench/apps/frappe/frappe/utils/scheduler.py:
Site: recruitpro.local
Queued events for site recruitpro.local
[DEBUG] 2020-04-27 19:40:49,498 | /home/sharmila/frappe-bench/apps/frappe/frappe/utils/scheduler.py:
Site: recruitpro.local
Queued events for site recruitpro.local
[DEBUG] 2020-04-27 19:41:49,691 | /home/sharmila/frappe-bench/apps/frappe/frappe/utils/scheduler.py:
Site: recruitpro.local
Queued events for site recruitpro.local
[ERROR] 2020-04-27 19:42:23,222 | /home/sharmila/frappe-bench/apps/frappe/frappe/app.py:
Site: recruitpro.local
Form Dict: {
 "cmd": "frappe.realtime.get_user_info"
}
Request Error
Traceback (most recent call last):
  File "/home/sharmila/frappe-bench/apps/frappe/frappe/app.py", line 62, in application
    response = frappe.api.handle()
  File "/home/sharmila/frappe-bench/apps/frappe/frappe/api.py", line 55, in handle
    return frappe.handler.handle()
  File "/home/sharmila/frappe-bench/apps/frappe/frappe/handler.py", line 22, in handle
    data = execute_cmd(cmd)
  File "/home/sharmila/frappe-bench/apps/frappe/frappe/handler.py", line 61, in execute_cmd
    return frappe.call(method, **frappe.form_dict)
  File "/home/sharmila/frappe-bench/apps/frappe/frappe/__init__.py", line 1054, in call
    return fn(*args, **newargs)
TypeError: get_user_info() missing 1 required positional argument: 'sid'
[ERROR] 2020-04-27 19:42:23,317 | /home/sharmila/frappe-bench/apps/frappe/frappe/utils/error.py:
Could not take error snapshot: invalid syntax (<string>, line 1)
Traceback (most recent call last):
  File "/home/sharmila/frappe-bench/apps/frappe/frappe/app.py", line 62, in application
    response = frappe.api.handle()
  File "/home/sharmila/frappe-bench/apps/frappe/frappe/api.py", line 55, in handle
    return frappe.handler.handle()
  File "/home/sharmila/frappe-bench/apps/frappe/frappe/handler.py", line 22, in handle
    data = execute_cmd(cmd)
  File "/home/sharmila/frappe-bench/apps/frappe/frappe/handler.py", line 61, in execute_cmd
    return frappe.call(method, **frappe.form_dict)
  File "/home/sharmila/frappe-bench/apps/frappe/frappe/__init__.py", line 1054, in call
    return fn(*args, **newargs)
TypeError: get_user_info() missing 1 required positional argument: 'sid'

During handling of the above exception, another exception occurred:

Traceback (most recent call last):
  File "/home/sharmila/frappe-bench/apps/frappe/frappe/utils/error.py", line 36, in make_error_snapshot
    snapshot = get_snapshot(exception)
  File "/home/sharmila/frappe-bench/apps/frappe/frappe/utils/error.py", line 132, in get_snapshot
    value = eval(value)
  File "<string>", line 1
    <built-in method with_traceback of TypeError object>
    ^
SyntaxError: invalid syntax
[DEBUG] 2020-04-27 19:43:22,271 | /home/sharmila/frappe-bench/apps/frappe/frappe/utils/scheduler.py:
Site: recruitpro.local
Queued events for site recruitpro.local
[DEBUG] 2020-04-27 19:44:22,548 | /home/sharmila/frappe-bench/apps/frappe/frappe/utils/scheduler.py:
Site: recruitpro.local
Queued events for site recruitpro.local
[DEBUG] 2020-04-27 19:45:22,765 | /home/sharmila/frappe-bench/apps/frappe/frappe/utils/scheduler.py:
Site: recruitpro.local
Queued events for site recruitpro.local
[DEBUG] 2020-04-27 19:46:22,983 | /home/sharmila/frappe-bench/apps/frappe/frappe/utils/scheduler.py:
Site: recruitpro.local
Queued events for site recruitpro.local
[DEBUG] 2020-04-27 19:47:23,182 | /home/sharmila/frappe-bench/apps/frappe/frappe/utils/scheduler.py:
Site: recruitpro.local
Queued events for site recruitpro.local
[DEBUG] 2020-04-27 19:48:23,409 | /home/sharmila/frappe-bench/apps/frappe/frappe/utils/scheduler.py:
Site: recruitpro.local
Queued events for site recruitpro.local
[ERROR] 2020-04-27 19:49:14,568 | /home/sharmila/frappe-bench/apps/frappe/frappe/app.py:
Site: recruitpro.local
Form Dict: {
 "cmd": "frappe.realtime.get_user_info"
}
Request Error
Traceback (most recent call last):
  File "/home/sharmila/frappe-bench/apps/frappe/frappe/app.py", line 62, in application
    response = frappe.api.handle()
  File "/home/sharmila/frappe-bench/apps/frappe/frappe/api.py", line 55, in handle
    return frappe.handler.handle()
  File "/home/sharmila/frappe-bench/apps/frappe/frappe/handler.py", line 22, in handle
    data = execute_cmd(cmd)
  File "/home/sharmila/frappe-bench/apps/frappe/frappe/handler.py", line 61, in execute_cmd
    return frappe.call(method, **frappe.form_dict)
  File "/home/sharmila/frappe-bench/apps/frappe/frappe/__init__.py", line 1054, in call
    return fn(*args, **newargs)
TypeError: get_user_info() missing 1 required positional argument: 'sid'
[ERROR] 2020-04-27 19:49:14,659 | /home/sharmila/frappe-bench/apps/frappe/frappe/utils/error.py:
Could not take error snapshot: invalid syntax (<string>, line 1)
Traceback (most recent call last):
  File "/home/sharmila/frappe-bench/apps/frappe/frappe/app.py", line 62, in application
    response = frappe.api.handle()
  File "/home/sharmila/frappe-bench/apps/frappe/frappe/api.py", line 55, in handle
    return frappe.handler.handle()
  File "/home/sharmila/frappe-bench/apps/frappe/frappe/handler.py", line 22, in handle
    data = execute_cmd(cmd)
  File "/home/sharmila/frappe-bench/apps/frappe/frappe/handler.py", line 61, in execute_cmd
    return frappe.call(method, **frappe.form_dict)
  File "/home/sharmila/frappe-bench/apps/frappe/frappe/__init__.py", line 1054, in call
    return fn(*args, **newargs)
TypeError: get_user_info() missing 1 required positional argument: 'sid'

During handling of the above exception, another exception occurred:

Traceback (most recent call last):
  File "/home/sharmila/frappe-bench/apps/frappe/frappe/utils/error.py", line 36, in make_error_snapshot
    snapshot = get_snapshot(exception)
  File "/home/sharmila/frappe-bench/apps/frappe/frappe/utils/error.py", line 132, in get_snapshot
    value = eval(value)
  File "<string>", line 1
    <built-in method with_traceback of TypeError object>
    ^
SyntaxError: invalid syntax
[DEBUG] 2020-04-27 19:50:11,688 | /home/sharmila/frappe-bench/apps/frappe/frappe/utils/scheduler.py:
Site: recruitpro.local
Queued events for site recruitpro.local
[DEBUG] 2020-04-27 19:51:11,901 | /home/sharmila/frappe-bench/apps/frappe/frappe/utils/scheduler.py:
Site: recruitpro.local
Queued events for site recruitpro.local
[DEBUG] 2020-04-27 19:52:12,116 | /home/sharmila/frappe-bench/apps/frappe/frappe/utils/scheduler.py:
Site: recruitpro.local
Queued events for site recruitpro.local
[DEBUG] 2020-04-27 19:53:12,384 | /home/sharmila/frappe-bench/apps/frappe/frappe/utils/scheduler.py:
Site: recruitpro.local
Queued events for site recruitpro.local
[DEBUG] 2020-04-27 19:54:12,692 | /home/sharmila/frappe-bench/apps/frappe/frappe/utils/scheduler.py:
Site: recruitpro.local
Queued events for site recruitpro.local
[DEBUG] 2020-04-27 19:55:13,821 | /home/sharmila/frappe-bench/apps/frappe/frappe/utils/scheduler.py:
Site: recruitpro.local
Queued events for site recruitpro.local
[DEBUG] 2020-04-28 09:46:16,447 | /home/sharmila/frappe-bench/apps/frappe/frappe/utils/scheduler.py:
Site: recruitpro.local
Queued events for site recruitpro.local
[DEBUG] 2020-04-28 09:47:16,905 | /home/sharmila/frappe-bench/apps/frappe/frappe/utils/scheduler.py:
Site: recruitpro.local
Queued events for site recruitpro.local
[DEBUG] 2020-04-28 09:48:17,106 | /home/sharmila/frappe-bench/apps/frappe/frappe/utils/scheduler.py:
Site: recruitpro.local
Queued events for site recruitpro.local
[DEBUG] 2020-04-28 09:49:17,398 | /home/sharmila/frappe-bench/apps/frappe/frappe/utils/scheduler.py:
Site: recruitpro.local
Queued events for site recruitpro.local
[DEBUG] 2020-04-28 09:50:17,591 | /home/sharmila/frappe-bench/apps/frappe/frappe/utils/scheduler.py:
Site: recruitpro.local
Queued events for site recruitpro.local
[DEBUG] 2020-04-28 09:51:17,837 | /home/sharmila/frappe-bench/apps/frappe/frappe/utils/scheduler.py:
Site: recruitpro.local
Queued events for site recruitpro.local
[DEBUG] 2020-04-28 09:52:18,067 | /home/sharmila/frappe-bench/apps/frappe/frappe/utils/scheduler.py:
Site: recruitpro.local
Queued events for site recruitpro.local
[DEBUG] 2020-04-28 09:53:18,265 | /home/sharmila/frappe-bench/apps/frappe/frappe/utils/scheduler.py:
Site: recruitpro.local
Queued events for site recruitpro.local
[DEBUG] 2020-04-28 09:54:18,446 | /home/sharmila/frappe-bench/apps/frappe/frappe/utils/scheduler.py:
Site: recruitpro.local
Queued events for site recruitpro.local
[DEBUG] 2020-04-28 09:55:18,657 | /home/sharmila/frappe-bench/apps/frappe/frappe/utils/scheduler.py:
Site: recruitpro.local
Queued events for site recruitpro.local
[DEBUG] 2020-04-28 09:56:18,897 | /home/sharmila/frappe-bench/apps/frappe/frappe/utils/scheduler.py:
Site: recruitpro.local
Queued events for site recruitpro.local
[DEBUG] 2020-04-28 09:57:19,102 | /home/sharmila/frappe-bench/apps/frappe/frappe/utils/scheduler.py:
Site: recruitpro.local
Queued events for site recruitpro.local
[DEBUG] 2020-04-28 09:58:19,283 | /home/sharmila/frappe-bench/apps/frappe/frappe/utils/scheduler.py:
Site: recruitpro.local
Queued events for site recruitpro.local
[DEBUG] 2020-04-28 09:59:19,465 | /home/sharmila/frappe-bench/apps/frappe/frappe/utils/scheduler.py:
Site: recruitpro.local
Queued events for site recruitpro.local
[DEBUG] 2020-04-28 10:00:19,694 | /home/sharmila/frappe-bench/apps/frappe/frappe/utils/scheduler.py:
Site: recruitpro.local
Queued events for site recruitpro.local
[DEBUG] 2020-04-28 10:01:21,122 | /home/sharmila/frappe-bench/apps/frappe/frappe/utils/scheduler.py:
Site: recruitpro.local
Queued events for site recruitpro.local
[DEBUG] 2020-04-28 10:02:21,443 | /home/sharmila/frappe-bench/apps/frappe/frappe/utils/scheduler.py:
Site: recruitpro.local
Queued events for site recruitpro.local
[DEBUG] 2020-04-28 10:03:21,649 | /home/sharmila/frappe-bench/apps/frappe/frappe/utils/scheduler.py:
Site: recruitpro.local
Queued events for site recruitpro.local
[DEBUG] 2020-04-28 10:04:21,879 | /home/sharmila/frappe-bench/apps/frappe/frappe/utils/scheduler.py:
Site: recruitpro.local
Queued events for site recruitpro.local
[DEBUG] 2020-04-28 10:05:22,084 | /home/sharmila/frappe-bench/apps/frappe/frappe/utils/scheduler.py:
Site: recruitpro.local
Queued events for site recruitpro.local
[DEBUG] 2020-04-28 10:06:22,304 | /home/sharmila/frappe-bench/apps/frappe/frappe/utils/scheduler.py:
Site: recruitpro.local
Queued events for site recruitpro.local
[DEBUG] 2020-04-28 10:07:22,665 | /home/sharmila/frappe-bench/apps/frappe/frappe/utils/scheduler.py:
Site: recruitpro.local
Queued events for site recruitpro.local
[DEBUG] 2020-04-28 10:08:22,999 | /home/sharmila/frappe-bench/apps/frappe/frappe/utils/scheduler.py:
Site: recruitpro.local
Queued events for site recruitpro.local
[DEBUG] 2020-04-28 10:09:23,189 | /home/sharmila/frappe-bench/apps/frappe/frappe/utils/scheduler.py:
Site: recruitpro.local
Queued events for site recruitpro.local
[DEBUG] 2020-04-28 10:10:23,368 | /home/sharmila/frappe-bench/apps/frappe/frappe/utils/scheduler.py:
Site: recruitpro.local
Queued events for site recruitpro.local
[DEBUG] 2020-04-28 10:11:23,555 | /home/sharmila/frappe-bench/apps/frappe/frappe/utils/scheduler.py:
Site: recruitpro.local
Queued events for site recruitpro.local
[DEBUG] 2020-04-28 10:12:23,777 | /home/sharmila/frappe-bench/apps/frappe/frappe/utils/scheduler.py:
Site: recruitpro.local
Queued events for site recruitpro.local
[DEBUG] 2020-04-28 10:13:23,970 | /home/sharmila/frappe-bench/apps/frappe/frappe/utils/scheduler.py:
Site: recruitpro.local
Queued events for site recruitpro.local
[DEBUG] 2020-04-28 10:14:24,163 | /home/sharmila/frappe-bench/apps/frappe/frappe/utils/scheduler.py:
Site: recruitpro.local
Queued events for site recruitpro.local
[DEBUG] 2020-04-28 10:15:24,826 | /home/sharmila/frappe-bench/apps/frappe/frappe/utils/scheduler.py:
Site: recruitpro.local
Queued events for site recruitpro.local
[DEBUG] 2020-04-28 10:16:26,039 | /home/sharmila/frappe-bench/apps/frappe/frappe/utils/scheduler.py:
Site: recruitpro.local
Queued events for site recruitpro.local
[DEBUG] 2020-04-28 10:17:26,591 | /home/sharmila/frappe-bench/apps/frappe/frappe/utils/scheduler.py:
Site: recruitpro.local
Queued events for site recruitpro.local
[DEBUG] 2020-04-28 10:18:26,820 | /home/sharmila/frappe-bench/apps/frappe/frappe/utils/scheduler.py:
Site: recruitpro.local
Queued events for site recruitpro.local
[DEBUG] 2020-04-28 10:19:27,045 | /home/sharmila/frappe-bench/apps/frappe/frappe/utils/scheduler.py:
Site: recruitpro.local
Queued events for site recruitpro.local
[DEBUG] 2020-04-28 10:20:27,291 | /home/sharmila/frappe-bench/apps/frappe/frappe/utils/scheduler.py:
Site: recruitpro.local
Queued events for site recruitpro.local
[DEBUG] 2020-04-28 10:21:27,499 | /home/sharmila/frappe-bench/apps/frappe/frappe/utils/scheduler.py:
Site: recruitpro.local
Queued events for site recruitpro.local
[DEBUG] 2020-04-28 10:22:27,708 | /home/sharmila/frappe-bench/apps/frappe/frappe/utils/scheduler.py:
Site: recruitpro.local
Queued events for site recruitpro.local
[DEBUG] 2020-04-28 10:23:27,914 | /home/sharmila/frappe-bench/apps/frappe/frappe/utils/scheduler.py:
Site: recruitpro.local
Queued events for site recruitpro.local
[DEBUG] 2020-04-28 10:24:28,142 | /home/sharmila/frappe-bench/apps/frappe/frappe/utils/scheduler.py:
Site: recruitpro.local
Queued events for site recruitpro.local
[DEBUG] 2020-04-28 10:25:28,346 | /home/sharmila/frappe-bench/apps/frappe/frappe/utils/scheduler.py:
Site: recruitpro.local
Queued events for site recruitpro.local
[DEBUG] 2020-04-28 10:26:28,544 | /home/sharmila/frappe-bench/apps/frappe/frappe/utils/scheduler.py:
Site: recruitpro.local
Queued events for site recruitpro.local
[DEBUG] 2020-04-28 10:27:28,764 | /home/sharmila/frappe-bench/apps/frappe/frappe/utils/scheduler.py:
Site: recruitpro.local
Queued events for site recruitpro.local
[DEBUG] 2020-04-28 10:28:28,997 | /home/sharmila/frappe-bench/apps/frappe/frappe/utils/scheduler.py:
Site: recruitpro.local
Queued events for site recruitpro.local
[DEBUG] 2020-04-28 10:29:29,300 | /home/sharmila/frappe-bench/apps/frappe/frappe/utils/scheduler.py:
Site: recruitpro.local
Queued events for site recruitpro.local
[DEBUG] 2020-04-28 10:30:29,500 | /home/sharmila/frappe-bench/apps/frappe/frappe/utils/scheduler.py:
Site: recruitpro.local
Queued events for site recruitpro.local
[DEBUG] 2020-04-28 10:31:29,772 | /home/sharmila/frappe-bench/apps/frappe/frappe/utils/scheduler.py:
Site: recruitpro.local
Queued events for site recruitpro.local
[DEBUG] 2020-04-28 10:32:30,013 | /home/sharmila/frappe-bench/apps/frappe/frappe/utils/scheduler.py:
Site: recruitpro.local
Queued events for site recruitpro.local
[DEBUG] 2020-04-28 10:33:30,223 | /home/sharmila/frappe-bench/apps/frappe/frappe/utils/scheduler.py:
Site: recruitpro.local
Queued events for site recruitpro.local
[DEBUG] 2020-04-28 10:34:30,432 | /home/sharmila/frappe-bench/apps/frappe/frappe/utils/scheduler.py:
Site: recruitpro.local
Queued events for site recruitpro.local
[DEBUG] 2020-04-28 10:35:30,638 | /home/sharmila/frappe-bench/apps/frappe/frappe/utils/scheduler.py:
Site: recruitpro.local
Queued events for site recruitpro.local
[DEBUG] 2020-04-28 10:36:30,886 | /home/sharmila/frappe-bench/apps/frappe/frappe/utils/scheduler.py:
Site: recruitpro.local
Queued events for site recruitpro.local
[DEBUG] 2020-04-28 10:37:31,107 | /home/sharmila/frappe-bench/apps/frappe/frappe/utils/scheduler.py:
Site: recruitpro.local
Queued events for site recruitpro.local
[DEBUG] 2020-04-28 10:38:31,358 | /home/sharmila/frappe-bench/apps/frappe/frappe/utils/scheduler.py:
Site: recruitpro.local
Queued events for site recruitpro.local
[DEBUG] 2020-04-28 10:39:31,578 | /home/sharmila/frappe-bench/apps/frappe/frappe/utils/scheduler.py:
Site: recruitpro.local
Queued events for site recruitpro.local
[DEBUG] 2020-04-28 10:40:31,825 | /home/sharmila/frappe-bench/apps/frappe/frappe/utils/scheduler.py:
Site: recruitpro.local
Queued events for site recruitpro.local
[DEBUG] 2020-04-28 10:41:32,034 | /home/sharmila/frappe-bench/apps/frappe/frappe/utils/scheduler.py:
Site: recruitpro.local
Queued events for site recruitpro.local
[DEBUG] 2020-04-28 10:42:32,245 | /home/sharmila/frappe-bench/apps/frappe/frappe/utils/scheduler.py:
Site: recruitpro.local
Queued events for site recruitpro.local
[DEBUG] 2020-04-28 10:43:32,462 | /home/sharmila/frappe-bench/apps/frappe/frappe/utils/scheduler.py:
Site: recruitpro.local
Queued events for site recruitpro.local
[DEBUG] 2020-04-28 10:44:33,061 | /home/sharmila/frappe-bench/apps/frappe/frappe/utils/scheduler.py:
Site: recruitpro.local
Queued events for site recruitpro.local
[DEBUG] 2020-04-28 10:45:33,271 | /home/sharmila/frappe-bench/apps/frappe/frappe/utils/scheduler.py:
Site: recruitpro.local
Queued events for site recruitpro.local
[DEBUG] 2020-04-28 10:46:33,487 | /home/sharmila/frappe-bench/apps/frappe/frappe/utils/scheduler.py:
Site: recruitpro.local
Queued events for site recruitpro.local
[DEBUG] 2020-04-28 10:47:33,681 | /home/sharmila/frappe-bench/apps/frappe/frappe/utils/scheduler.py:
Site: recruitpro.local
Queued events for site recruitpro.local
[DEBUG] 2020-04-28 10:48:33,903 | /home/sharmila/frappe-bench/apps/frappe/frappe/utils/scheduler.py:
Site: recruitpro.local
Queued events for site recruitpro.local
[DEBUG] 2020-04-28 10:49:34,398 | /home/sharmila/frappe-bench/apps/frappe/frappe/utils/scheduler.py:
Site: recruitpro.local
Queued events for site recruitpro.local
[DEBUG] 2020-04-28 10:50:34,659 | /home/sharmila/frappe-bench/apps/frappe/frappe/utils/scheduler.py:
Site: recruitpro.local
Queued events for site recruitpro.local
[DEBUG] 2020-04-28 10:51:34,870 | /home/sharmila/frappe-bench/apps/frappe/frappe/utils/scheduler.py:
Site: recruitpro.local
Queued events for site recruitpro.local
[DEBUG] 2020-04-28 10:52:35,086 | /home/sharmila/frappe-bench/apps/frappe/frappe/utils/scheduler.py:
Site: recruitpro.local
Queued events for site recruitpro.local
[DEBUG] 2020-04-28 10:53:35,293 | /home/sharmila/frappe-bench/apps/frappe/frappe/utils/scheduler.py:
Site: recruitpro.local
Queued events for site recruitpro.local
[DEBUG] 2020-04-28 10:54:35,568 | /home/sharmila/frappe-bench/apps/frappe/frappe/utils/scheduler.py:
Site: recruitpro.local
Queued events for site recruitpro.local
[ERROR] 2020-04-28 11:10:45,882 | /home/sharmila/frappe-bench/apps/frappe/frappe/app.py:
Site: recruitpro.local
Form Dict: {
 "cmd": "frappe.client.get_hooks"
}
Request Error
Traceback (most recent call last):
  File "/home/sharmila/frappe-bench/apps/frappe/frappe/app.py", line 62, in application
    response = frappe.api.handle()
  File "/home/sharmila/frappe-bench/apps/frappe/frappe/api.py", line 55, in handle
    return frappe.handler.handle()
  File "/home/sharmila/frappe-bench/apps/frappe/frappe/handler.py", line 22, in handle
    data = execute_cmd(cmd)
  File "/home/sharmila/frappe-bench/apps/frappe/frappe/handler.py", line 61, in execute_cmd
    return frappe.call(method, **frappe.form_dict)
  File "/home/sharmila/frappe-bench/apps/frappe/frappe/__init__.py", line 1054, in call
    return fn(*args, **newargs)
TypeError: get_hooks() missing 1 required positional argument: 'hook'
[ERROR] 2020-04-28 11:10:45,882 | /home/sharmila/frappe-bench/apps/frappe/frappe/app.py:
Site: recruitpro.local
Form Dict: {
 "cmd": "frappe.client.get_hooks"
}
Site: recruitpro.local
Form Dict: {
 "cmd": "frappe.client.get_hooks"
}
Request Error
Traceback (most recent call last):
  File "/home/sharmila/frappe-bench/apps/frappe/frappe/app.py", line 62, in application
    response = frappe.api.handle()
  File "/home/sharmila/frappe-bench/apps/frappe/frappe/api.py", line 55, in handle
    return frappe.handler.handle()
  File "/home/sharmila/frappe-bench/apps/frappe/frappe/handler.py", line 22, in handle
    data = execute_cmd(cmd)
  File "/home/sharmila/frappe-bench/apps/frappe/frappe/handler.py", line 61, in execute_cmd
    return frappe.call(method, **frappe.form_dict)
  File "/home/sharmila/frappe-bench/apps/frappe/frappe/__init__.py", line 1054, in call
    return fn(*args, **newargs)
TypeError: get_hooks() missing 1 required positional argument: 'hook'
[ERROR] 2020-04-28 11:10:45,882 | /home/sharmila/frappe-bench/apps/frappe/frappe/app.py:
Site: recruitpro.local
Form Dict: {
 "cmd": "frappe.desk.form.load.getdoctype"
}
Request Error
Traceback (most recent call last):
  File "/home/sharmila/frappe-bench/apps/frappe/frappe/app.py", line 62, in application
    response = frappe.api.handle()
  File "/home/sharmila/frappe-bench/apps/frappe/frappe/api.py", line 55, in handle
    return frappe.handler.handle()
  File "/home/sharmila/frappe-bench/apps/frappe/frappe/handler.py", line 22, in handle
    data = execute_cmd(cmd)
  File "/home/sharmila/frappe-bench/apps/frappe/frappe/handler.py", line 61, in execute_cmd
    return frappe.call(method, **frappe.form_dict)
  File "/home/sharmila/frappe-bench/apps/frappe/frappe/__init__.py", line 1054, in call
    return fn(*args, **newargs)
TypeError: getdoctype() missing 1 required positional argument: 'doctype'
[ERROR] 2020-04-28 11:10:45,882 | /home/sharmila/frappe-bench/apps/frappe/frappe/app.py:
Site: recruitpro.local
Form Dict: {
 "cmd": "frappe.desk.form.load.getdoctype"
}
Site: recruitpro.local
Form Dict: {
 "cmd": "frappe.desk.form.load.getdoctype"
}
Request Error
Traceback (most recent call last):
  File "/home/sharmila/frappe-bench/apps/frappe/frappe/app.py", line 62, in application
    response = frappe.api.handle()
  File "/home/sharmila/frappe-bench/apps/frappe/frappe/api.py", line 55, in handle
    return frappe.handler.handle()
  File "/home/sharmila/frappe-bench/apps/frappe/frappe/handler.py", line 22, in handle
    data = execute_cmd(cmd)
  File "/home/sharmila/frappe-bench/apps/frappe/frappe/handler.py", line 61, in execute_cmd
    return frappe.call(method, **frappe.form_dict)
  File "/home/sharmila/frappe-bench/apps/frappe/frappe/__init__.py", line 1054, in call
    return fn(*args, **newargs)
TypeError: getdoctype() missing 1 required positional argument: 'doctype'
[ERROR] 2020-04-28 11:10:46,097 | /home/sharmila/frappe-bench/apps/frappe/frappe/app.py:
Site: recruitpro.local
Form Dict: {
 "cmd": "frappe.realtime.get_user_info"
}
Request Error
Traceback (most recent call last):
  File "/home/sharmila/frappe-bench/apps/frappe/frappe/app.py", line 62, in application
    response = frappe.api.handle()
  File "/home/sharmila/frappe-bench/apps/frappe/frappe/api.py", line 55, in handle
    return frappe.handler.handle()
  File "/home/sharmila/frappe-bench/apps/frappe/frappe/handler.py", line 22, in handle
    data = execute_cmd(cmd)
  File "/home/sharmila/frappe-bench/apps/frappe/frappe/handler.py", line 61, in execute_cmd
    return frappe.call(method, **frappe.form_dict)
  File "/home/sharmila/frappe-bench/apps/frappe/frappe/__init__.py", line 1054, in call
    return fn(*args, **newargs)
TypeError: get_user_info() missing 1 required positional argument: 'sid'
[ERROR] 2020-04-28 11:10:46,097 | /home/sharmila/frappe-bench/apps/frappe/frappe/app.py:
Site: recruitpro.local
Form Dict: {
 "cmd": "frappe.realtime.get_user_info"
}
Site: recruitpro.local
Form Dict: {
 "cmd": "frappe.realtime.get_user_info"
}
Request Error
Traceback (most recent call last):
  File "/home/sharmila/frappe-bench/apps/frappe/frappe/app.py", line 62, in application
    response = frappe.api.handle()
  File "/home/sharmila/frappe-bench/apps/frappe/frappe/api.py", line 55, in handle
    return frappe.handler.handle()
  File "/home/sharmila/frappe-bench/apps/frappe/frappe/handler.py", line 22, in handle
    data = execute_cmd(cmd)
  File "/home/sharmila/frappe-bench/apps/frappe/frappe/handler.py", line 61, in execute_cmd
    return frappe.call(method, **frappe.form_dict)
  File "/home/sharmila/frappe-bench/apps/frappe/frappe/__init__.py", line 1054, in call
    return fn(*args, **newargs)
TypeError: get_user_info() missing 1 required positional argument: 'sid'
[ERROR] 2020-04-28 11:10:46,415 | /home/sharmila/frappe-bench/apps/frappe/frappe/utils/error.py:
Could not take error snapshot: invalid syntax (<string>, line 1)
Traceback (most recent call last):
  File "/home/sharmila/frappe-bench/apps/frappe/frappe/app.py", line 62, in application
    response = frappe.api.handle()
  File "/home/sharmila/frappe-bench/apps/frappe/frappe/api.py", line 55, in handle
    return frappe.handler.handle()
  File "/home/sharmila/frappe-bench/apps/frappe/frappe/handler.py", line 22, in handle
    data = execute_cmd(cmd)
  File "/home/sharmila/frappe-bench/apps/frappe/frappe/handler.py", line 61, in execute_cmd
    return frappe.call(method, **frappe.form_dict)
  File "/home/sharmila/frappe-bench/apps/frappe/frappe/__init__.py", line 1054, in call
    return fn(*args, **newargs)
TypeError: getdoctype() missing 1 required positional argument: 'doctype'

During handling of the above exception, another exception occurred:

Traceback (most recent call last):
  File "/home/sharmila/frappe-bench/apps/frappe/frappe/utils/error.py", line 36, in make_error_snapshot
    snapshot = get_snapshot(exception)
  File "/home/sharmila/frappe-bench/apps/frappe/frappe/utils/error.py", line 132, in get_snapshot
    value = eval(value)
  File "<string>", line 1
    <built-in method with_traceback of TypeError object>
    ^
SyntaxError: invalid syntax
[ERROR] 2020-04-28 11:10:46,417 | /home/sharmila/frappe-bench/apps/frappe/frappe/utils/error.py:
Could not take error snapshot: invalid syntax (<string>, line 1)
Traceback (most recent call last):
  File "/home/sharmila/frappe-bench/apps/frappe/frappe/app.py", line 62, in application
    response = frappe.api.handle()
  File "/home/sharmila/frappe-bench/apps/frappe/frappe/api.py", line 55, in handle
    return frappe.handler.handle()
  File "/home/sharmila/frappe-bench/apps/frappe/frappe/handler.py", line 22, in handle
    data = execute_cmd(cmd)
  File "/home/sharmila/frappe-bench/apps/frappe/frappe/handler.py", line 61, in execute_cmd
    return frappe.call(method, **frappe.form_dict)
  File "/home/sharmila/frappe-bench/apps/frappe/frappe/__init__.py", line 1054, in call
    return fn(*args, **newargs)
TypeError: get_hooks() missing 1 required positional argument: 'hook'

During handling of the above exception, another exception occurred:

Traceback (most recent call last):
  File "/home/sharmila/frappe-bench/apps/frappe/frappe/utils/error.py", line 36, in make_error_snapshot
    snapshot = get_snapshot(exception)
  File "/home/sharmila/frappe-bench/apps/frappe/frappe/utils/error.py", line 132, in get_snapshot
    value = eval(value)
  File "<string>", line 1
    <built-in method with_traceback of TypeError object>
    ^
SyntaxError: invalid syntax
[ERROR] 2020-04-28 11:10:46,431 | /home/sharmila/frappe-bench/apps/frappe/frappe/utils/error.py:
Could not take error snapshot: invalid syntax (<string>, line 1)
Traceback (most recent call last):
  File "/home/sharmila/frappe-bench/apps/frappe/frappe/app.py", line 62, in application
    response = frappe.api.handle()
  File "/home/sharmila/frappe-bench/apps/frappe/frappe/api.py", line 55, in handle
    return frappe.handler.handle()
  File "/home/sharmila/frappe-bench/apps/frappe/frappe/handler.py", line 22, in handle
    data = execute_cmd(cmd)
  File "/home/sharmila/frappe-bench/apps/frappe/frappe/handler.py", line 61, in execute_cmd
    return frappe.call(method, **frappe.form_dict)
  File "/home/sharmila/frappe-bench/apps/frappe/frappe/__init__.py", line 1054, in call
    return fn(*args, **newargs)
TypeError: get_user_info() missing 1 required positional argument: 'sid'

During handling of the above exception, another exception occurred:

Traceback (most recent call last):
  File "/home/sharmila/frappe-bench/apps/frappe/frappe/utils/error.py", line 36, in make_error_snapshot
    snapshot = get_snapshot(exception)
  File "/home/sharmila/frappe-bench/apps/frappe/frappe/utils/error.py", line 132, in get_snapshot
    value = eval(value)
  File "<string>", line 1
    <built-in method with_traceback of TypeError object>
    ^
SyntaxError: invalid syntax
[ERROR] 2020-04-28 11:10:46,941 | /home/sharmila/frappe-bench/apps/frappe/frappe/app.py:
Site: recruitpro.local
Form Dict: {
 "cmd": "frappe.chat.doctype.chat_profile.chat_profile.create"
}
Request Error
Traceback (most recent call last):
  File "/home/sharmila/frappe-bench/apps/frappe/frappe/app.py", line 62, in application
    response = frappe.api.handle()
  File "/home/sharmila/frappe-bench/apps/frappe/frappe/api.py", line 55, in handle
    return frappe.handler.handle()
  File "/home/sharmila/frappe-bench/apps/frappe/frappe/handler.py", line 22, in handle
    data = execute_cmd(cmd)
  File "/home/sharmila/frappe-bench/apps/frappe/frappe/handler.py", line 61, in execute_cmd
    return frappe.call(method, **frappe.form_dict)
  File "/home/sharmila/frappe-bench/apps/frappe/frappe/__init__.py", line 1054, in call
    return fn(*args, **newargs)
TypeError: create() missing 1 required positional argument: 'user'
[ERROR] 2020-04-28 11:10:46,941 | /home/sharmila/frappe-bench/apps/frappe/frappe/app.py:
Site: recruitpro.local
Form Dict: {
 "cmd": "frappe.chat.doctype.chat_profile.chat_profile.create"
}
Site: recruitpro.local
Form Dict: {
 "cmd": "frappe.chat.doctype.chat_profile.chat_profile.create"
}
Request Error
Traceback (most recent call last):
  File "/home/sharmila/frappe-bench/apps/frappe/frappe/app.py", line 62, in application
    response = frappe.api.handle()
  File "/home/sharmila/frappe-bench/apps/frappe/frappe/api.py", line 55, in handle
    return frappe.handler.handle()
  File "/home/sharmila/frappe-bench/apps/frappe/frappe/handler.py", line 22, in handle
    data = execute_cmd(cmd)
  File "/home/sharmila/frappe-bench/apps/frappe/frappe/handler.py", line 61, in execute_cmd
    return frappe.call(method, **frappe.form_dict)
  File "/home/sharmila/frappe-bench/apps/frappe/frappe/__init__.py", line 1054, in call
    return fn(*args, **newargs)
TypeError: create() missing 1 required positional argument: 'user'
[ERROR] 2020-04-28 11:10:46,944 | /home/sharmila/frappe-bench/apps/frappe/frappe/utils/error.py:
Could not take error snapshot: invalid syntax (<string>, line 1)
Traceback (most recent call last):
  File "/home/sharmila/frappe-bench/apps/frappe/frappe/app.py", line 62, in application
    response = frappe.api.handle()
  File "/home/sharmila/frappe-bench/apps/frappe/frappe/api.py", line 55, in handle
    return frappe.handler.handle()
  File "/home/sharmila/frappe-bench/apps/frappe/frappe/handler.py", line 22, in handle
    data = execute_cmd(cmd)
  File "/home/sharmila/frappe-bench/apps/frappe/frappe/handler.py", line 61, in execute_cmd
    return frappe.call(method, **frappe.form_dict)
  File "/home/sharmila/frappe-bench/apps/frappe/frappe/__init__.py", line 1054, in call
    return fn(*args, **newargs)
TypeError: create() missing 1 required positional argument: 'user'

During handling of the above exception, another exception occurred:

Traceback (most recent call last):
  File "/home/sharmila/frappe-bench/apps/frappe/frappe/utils/error.py", line 36, in make_error_snapshot
    snapshot = get_snapshot(exception)
  File "/home/sharmila/frappe-bench/apps/frappe/frappe/utils/error.py", line 132, in get_snapshot
    value = eval(value)
  File "<string>", line 1
    <built-in method with_traceback of TypeError object>
    ^
SyntaxError: invalid syntax
[DEBUG] 2020-04-28 11:10:47,372 | /home/sharmila/frappe-bench/apps/frappe/frappe/utils/scheduler.py:
Site: recruitpro.local
Queued events for site recruitpro.local
[DEBUG] 2020-04-28 11:11:47,584 | /home/sharmila/frappe-bench/apps/frappe/frappe/utils/scheduler.py:
Site: recruitpro.local
Queued events for site recruitpro.local
[DEBUG] 2020-04-28 11:12:47,853 | /home/sharmila/frappe-bench/apps/frappe/frappe/utils/scheduler.py:
Site: recruitpro.local
Queued events for site recruitpro.local
[DEBUG] 2020-04-28 11:13:48,055 | /home/sharmila/frappe-bench/apps/frappe/frappe/utils/scheduler.py:
Site: recruitpro.local
Queued events for site recruitpro.local
[DEBUG] 2020-04-28 11:14:48,256 | /home/sharmila/frappe-bench/apps/frappe/frappe/utils/scheduler.py:
Site: recruitpro.local
Queued events for site recruitpro.local
[DEBUG] 2020-04-28 11:15:48,848 | /home/sharmila/frappe-bench/apps/frappe/frappe/utils/scheduler.py:
Site: recruitpro.local
Queued events for site recruitpro.local
[DEBUG] 2020-04-28 11:16:49,110 | /home/sharmila/frappe-bench/apps/frappe/frappe/utils/scheduler.py:
Site: recruitpro.local
Queued events for site recruitpro.local
[DEBUG] 2020-04-28 11:17:49,339 | /home/sharmila/frappe-bench/apps/frappe/frappe/utils/scheduler.py:
Site: recruitpro.local
Queued events for site recruitpro.local
[DEBUG] 2020-04-28 11:18:49,524 | /home/sharmila/frappe-bench/apps/frappe/frappe/utils/scheduler.py:
Site: recruitpro.local
Queued events for site recruitpro.local
[DEBUG] 2020-04-28 11:21:03,690 | /home/sharmila/frappe-bench/apps/frappe/frappe/utils/scheduler.py:
Site: recruitpro.local
Queued events for site recruitpro.local
[DEBUG] 2020-04-28 11:22:03,925 | /home/sharmila/frappe-bench/apps/frappe/frappe/utils/scheduler.py:
Site: recruitpro.local
Queued events for site recruitpro.local
[DEBUG] 2020-04-28 11:23:05,002 | /home/sharmila/frappe-bench/apps/frappe/frappe/utils/scheduler.py:
Site: recruitpro.local
Queued events for site recruitpro.local
[DEBUG] 2020-04-28 11:24:05,267 | /home/sharmila/frappe-bench/apps/frappe/frappe/utils/scheduler.py:
Site: recruitpro.local
Queued events for site recruitpro.local
[DEBUG] 2020-04-28 11:25:05,485 | /home/sharmila/frappe-bench/apps/frappe/frappe/utils/scheduler.py:
Site: recruitpro.local
Queued events for site recruitpro.local
[DEBUG] 2020-04-28 11:26:05,690 | /home/sharmila/frappe-bench/apps/frappe/frappe/utils/scheduler.py:
Site: recruitpro.local
Queued events for site recruitpro.local
[DEBUG] 2020-04-28 11:27:05,868 | /home/sharmila/frappe-bench/apps/frappe/frappe/utils/scheduler.py:
Site: recruitpro.local
Queued events for site recruitpro.local
[DEBUG] 2020-04-28 11:28:06,127 | /home/sharmila/frappe-bench/apps/frappe/frappe/utils/scheduler.py:
Site: recruitpro.local
Queued events for site recruitpro.local
[DEBUG] 2020-04-28 11:29:06,319 | /home/sharmila/frappe-bench/apps/frappe/frappe/utils/scheduler.py:
Site: recruitpro.local
Queued events for site recruitpro.local
[DEBUG] 2020-04-28 11:30:06,527 | /home/sharmila/frappe-bench/apps/frappe/frappe/utils/scheduler.py:
Site: recruitpro.local
Queued events for site recruitpro.local
[DEBUG] 2020-04-28 11:31:06,741 | /home/sharmila/frappe-bench/apps/frappe/frappe/utils/scheduler.py:
Site: recruitpro.local
Queued events for site recruitpro.local
[DEBUG] 2020-04-28 11:32:07,004 | /home/sharmila/frappe-bench/apps/frappe/frappe/utils/scheduler.py:
Site: recruitpro.local
Queued events for site recruitpro.local
[DEBUG] 2020-04-28 11:33:07,221 | /home/sharmila/frappe-bench/apps/frappe/frappe/utils/scheduler.py:
Site: recruitpro.local
Queued events for site recruitpro.local
[DEBUG] 2020-04-28 11:34:07,433 | /home/sharmila/frappe-bench/apps/frappe/frappe/utils/scheduler.py:
Site: recruitpro.local
Queued events for site recruitpro.local
[DEBUG] 2020-04-28 11:35:07,635 | /home/sharmila/frappe-bench/apps/frappe/frappe/utils/scheduler.py:
Site: recruitpro.local
Queued events for site recruitpro.local
[DEBUG] 2020-04-28 11:36:07,872 | /home/sharmila/frappe-bench/apps/frappe/frappe/utils/scheduler.py:
Site: recruitpro.local
Queued events for site recruitpro.local
[DEBUG] 2020-04-28 11:37:08,072 | /home/sharmila/frappe-bench/apps/frappe/frappe/utils/scheduler.py:
Site: recruitpro.local
Queued events for site recruitpro.local
[DEBUG] 2020-04-28 11:38:08,280 | /home/sharmila/frappe-bench/apps/frappe/frappe/utils/scheduler.py:
Site: recruitpro.local
Queued events for site recruitpro.local
[DEBUG] 2020-04-28 11:39:08,482 | /home/sharmila/frappe-bench/apps/frappe/frappe/utils/scheduler.py:
Site: recruitpro.local
Queued events for site recruitpro.local
[DEBUG] 2020-04-28 11:40:08,748 | /home/sharmila/frappe-bench/apps/frappe/frappe/utils/scheduler.py:
Site: recruitpro.local
Queued events for site recruitpro.local
[DEBUG] 2020-04-28 11:41:08,954 | /home/sharmila/frappe-bench/apps/frappe/frappe/utils/scheduler.py:
Site: recruitpro.local
Queued events for site recruitpro.local
[DEBUG] 2020-04-28 11:42:09,165 | /home/sharmila/frappe-bench/apps/frappe/frappe/utils/scheduler.py:
Site: recruitpro.local
Queued events for site recruitpro.local
[DEBUG] 2020-04-28 11:43:09,404 | /home/sharmila/frappe-bench/apps/frappe/frappe/utils/scheduler.py:
Site: recruitpro.local
Queued events for site recruitpro.local
[DEBUG] 2020-04-28 11:44:09,630 | /home/sharmila/frappe-bench/apps/frappe/frappe/utils/scheduler.py:
Site: recruitpro.local
Queued events for site recruitpro.local
[DEBUG] 2020-04-28 11:45:09,829 | /home/sharmila/frappe-bench/apps/frappe/frappe/utils/scheduler.py:
Site: recruitpro.local
Queued events for site recruitpro.local
[DEBUG] 2020-04-28 11:46:10,026 | /home/sharmila/frappe-bench/apps/frappe/frappe/utils/scheduler.py:
Site: recruitpro.local
Queued events for site recruitpro.local
[DEBUG] 2020-04-28 11:47:10,231 | /home/sharmila/frappe-bench/apps/frappe/frappe/utils/scheduler.py:
Site: recruitpro.local
Queued events for site recruitpro.local
[DEBUG] 2020-04-28 11:48:10,478 | /home/sharmila/frappe-bench/apps/frappe/frappe/utils/scheduler.py:
Site: recruitpro.local
Queued events for site recruitpro.local
[DEBUG] 2020-04-28 11:49:10,681 | /home/sharmila/frappe-bench/apps/frappe/frappe/utils/scheduler.py:
Site: recruitpro.local
Queued events for site recruitpro.local
[DEBUG] 2020-04-28 11:50:10,904 | /home/sharmila/frappe-bench/apps/frappe/frappe/utils/scheduler.py:
Site: recruitpro.local
Queued events for site recruitpro.local
[DEBUG] 2020-04-28 11:51:11,103 | /home/sharmila/frappe-bench/apps/frappe/frappe/utils/scheduler.py:
Site: recruitpro.local
Queued events for site recruitpro.local
[DEBUG] 2020-04-28 11:52:11,336 | /home/sharmila/frappe-bench/apps/frappe/frappe/utils/scheduler.py:
Site: recruitpro.local
Queued events for site recruitpro.local
[DEBUG] 2020-04-28 11:53:11,553 | /home/sharmila/frappe-bench/apps/frappe/frappe/utils/scheduler.py:
Site: recruitpro.local
Queued events for site recruitpro.local
[DEBUG] 2020-04-28 11:54:11,771 | /home/sharmila/frappe-bench/apps/frappe/frappe/utils/scheduler.py:
Site: recruitpro.local
Queued events for site recruitpro.local
[DEBUG] 2020-04-28 11:55:12,055 | /home/sharmila/frappe-bench/apps/frappe/frappe/utils/scheduler.py:
Site: recruitpro.local
Queued events for site recruitpro.local
[DEBUG] 2020-04-28 11:56:12,412 | /home/sharmila/frappe-bench/apps/frappe/frappe/utils/scheduler.py:
Site: recruitpro.local
Queued events for site recruitpro.local
[DEBUG] 2020-04-28 11:57:12,675 | /home/sharmila/frappe-bench/apps/frappe/frappe/utils/scheduler.py:
Site: recruitpro.local
Queued events for site recruitpro.local
[DEBUG] 2020-04-28 11:58:12,903 | /home/sharmila/frappe-bench/apps/frappe/frappe/utils/scheduler.py:
Site: recruitpro.local
Queued events for site recruitpro.local
[DEBUG] 2020-04-28 11:59:13,105 | /home/sharmila/frappe-bench/apps/frappe/frappe/utils/scheduler.py:
Site: recruitpro.local
Queued events for site recruitpro.local
[DEBUG] 2020-04-28 12:00:13,348 | /home/sharmila/frappe-bench/apps/frappe/frappe/utils/scheduler.py:
Site: recruitpro.local
Queued events for site recruitpro.local
[DEBUG] 2020-04-28 12:01:13,565 | /home/sharmila/frappe-bench/apps/frappe/frappe/utils/scheduler.py:
Site: recruitpro.local
Queued events for site recruitpro.local
[DEBUG] 2020-04-28 12:02:13,779 | /home/sharmila/frappe-bench/apps/frappe/frappe/utils/scheduler.py:
Site: recruitpro.local
Queued events for site recruitpro.local
[DEBUG] 2020-04-28 12:03:13,976 | /home/sharmila/frappe-bench/apps/frappe/frappe/utils/scheduler.py:
Site: recruitpro.local
Queued events for site recruitpro.local
[DEBUG] 2020-04-28 12:04:14,211 | /home/sharmila/frappe-bench/apps/frappe/frappe/utils/scheduler.py:
Site: recruitpro.local
Queued events for site recruitpro.local
[DEBUG] 2020-04-28 12:05:14,417 | /home/sharmila/frappe-bench/apps/frappe/frappe/utils/scheduler.py:
Site: recruitpro.local
Queued events for site recruitpro.local
[DEBUG] 2020-04-28 12:06:14,628 | /home/sharmila/frappe-bench/apps/frappe/frappe/utils/scheduler.py:
Site: recruitpro.local
Queued events for site recruitpro.local
[DEBUG] 2020-04-28 12:07:14,862 | /home/sharmila/frappe-bench/apps/frappe/frappe/utils/scheduler.py:
Site: recruitpro.local
Queued events for site recruitpro.local
[DEBUG] 2020-04-28 12:08:15,103 | /home/sharmila/frappe-bench/apps/frappe/frappe/utils/scheduler.py:
Site: recruitpro.local
Queued events for site recruitpro.local
[DEBUG] 2020-04-28 12:09:15,317 | /home/sharmila/frappe-bench/apps/frappe/frappe/utils/scheduler.py:
Site: recruitpro.local
Queued events for site recruitpro.local
[DEBUG] 2020-04-28 12:10:15,516 | /home/sharmila/frappe-bench/apps/frappe/frappe/utils/scheduler.py:
Site: recruitpro.local
Queued events for site recruitpro.local
[DEBUG] 2020-04-28 12:11:15,717 | /home/sharmila/frappe-bench/apps/frappe/frappe/utils/scheduler.py:
Site: recruitpro.local
Queued events for site recruitpro.local
[DEBUG] 2020-04-28 12:12:15,937 | /home/sharmila/frappe-bench/apps/frappe/frappe/utils/scheduler.py:
Site: recruitpro.local
Queued events for site recruitpro.local
[DEBUG] 2020-04-28 12:13:16,293 | /home/sharmila/frappe-bench/apps/frappe/frappe/utils/scheduler.py:
Site: recruitpro.local
Queued events for site recruitpro.local
[ERROR] 2020-04-28 12:13:40,586 | /home/sharmila/frappe-bench/apps/frappe/frappe/app.py:
Site: recruitpro.local
Form Dict: {
 "cmd": "frappe.realtime.get_user_info"
}
Request Error
Traceback (most recent call last):
  File "/home/sharmila/frappe-bench/apps/frappe/frappe/app.py", line 62, in application
    response = frappe.api.handle()
  File "/home/sharmila/frappe-bench/apps/frappe/frappe/api.py", line 55, in handle
    return frappe.handler.handle()
  File "/home/sharmila/frappe-bench/apps/frappe/frappe/handler.py", line 22, in handle
    data = execute_cmd(cmd)
  File "/home/sharmila/frappe-bench/apps/frappe/frappe/handler.py", line 61, in execute_cmd
    return frappe.call(method, **frappe.form_dict)
  File "/home/sharmila/frappe-bench/apps/frappe/frappe/__init__.py", line 1054, in call
    return fn(*args, **newargs)
TypeError: get_user_info() missing 1 required positional argument: 'sid'
[ERROR] 2020-04-28 12:13:40,896 | /home/sharmila/frappe-bench/apps/frappe/frappe/utils/error.py:
Could not take error snapshot: invalid syntax (<string>, line 1)
Traceback (most recent call last):
  File "/home/sharmila/frappe-bench/apps/frappe/frappe/app.py", line 62, in application
    response = frappe.api.handle()
  File "/home/sharmila/frappe-bench/apps/frappe/frappe/api.py", line 55, in handle
    return frappe.handler.handle()
  File "/home/sharmila/frappe-bench/apps/frappe/frappe/handler.py", line 22, in handle
    data = execute_cmd(cmd)
  File "/home/sharmila/frappe-bench/apps/frappe/frappe/handler.py", line 61, in execute_cmd
    return frappe.call(method, **frappe.form_dict)
  File "/home/sharmila/frappe-bench/apps/frappe/frappe/__init__.py", line 1054, in call
    return fn(*args, **newargs)
TypeError: get_user_info() missing 1 required positional argument: 'sid'

During handling of the above exception, another exception occurred:

Traceback (most recent call last):
  File "/home/sharmila/frappe-bench/apps/frappe/frappe/utils/error.py", line 36, in make_error_snapshot
    snapshot = get_snapshot(exception)
  File "/home/sharmila/frappe-bench/apps/frappe/frappe/utils/error.py", line 132, in get_snapshot
    value = eval(value)
  File "<string>", line 1
    <built-in method with_traceback of TypeError object>
    ^
SyntaxError: invalid syntax
[DEBUG] 2020-04-28 12:14:39,881 | /home/sharmila/frappe-bench/apps/frappe/frappe/utils/scheduler.py:
Site: recruitpro.local
Queued events for site recruitpro.local
[DEBUG] 2020-04-28 12:15:40,116 | /home/sharmila/frappe-bench/apps/frappe/frappe/utils/scheduler.py:
Site: recruitpro.local
Queued events for site recruitpro.local
[DEBUG] 2020-04-28 12:16:40,358 | /home/sharmila/frappe-bench/apps/frappe/frappe/utils/scheduler.py:
Site: recruitpro.local
Queued events for site recruitpro.local
[DEBUG] 2020-04-28 12:17:40,566 | /home/sharmila/frappe-bench/apps/frappe/frappe/utils/scheduler.py:
Site: recruitpro.local
Queued events for site recruitpro.local
[DEBUG] 2020-04-28 12:18:40,772 | /home/sharmila/frappe-bench/apps/frappe/frappe/utils/scheduler.py:
Site: recruitpro.local
Queued events for site recruitpro.local
[DEBUG] 2020-04-28 12:19:40,966 | /home/sharmila/frappe-bench/apps/frappe/frappe/utils/scheduler.py:
Site: recruitpro.local
Queued events for site recruitpro.local
[DEBUG] 2020-04-28 12:20:41,202 | /home/sharmila/frappe-bench/apps/frappe/frappe/utils/scheduler.py:
Site: recruitpro.local
Queued events for site recruitpro.local
[DEBUG] 2020-04-28 12:21:41,405 | /home/sharmila/frappe-bench/apps/frappe/frappe/utils/scheduler.py:
Site: recruitpro.local
Queued events for site recruitpro.local
[DEBUG] 2020-04-28 12:22:41,609 | /home/sharmila/frappe-bench/apps/frappe/frappe/utils/scheduler.py:
Site: recruitpro.local
Queued events for site recruitpro.local
[DEBUG] 2020-04-28 12:23:41,826 | /home/sharmila/frappe-bench/apps/frappe/frappe/utils/scheduler.py:
Site: recruitpro.local
Queued events for site recruitpro.local
[DEBUG] 2020-04-28 12:24:42,050 | /home/sharmila/frappe-bench/apps/frappe/frappe/utils/scheduler.py:
Site: recruitpro.local
Queued events for site recruitpro.local
[DEBUG] 2020-04-28 12:25:42,259 | /home/sharmila/frappe-bench/apps/frappe/frappe/utils/scheduler.py:
Site: recruitpro.local
Queued events for site recruitpro.local
[DEBUG] 2020-04-28 12:26:42,544 | /home/sharmila/frappe-bench/apps/frappe/frappe/utils/scheduler.py:
Site: recruitpro.local
Queued events for site recruitpro.local
[DEBUG] 2020-04-28 12:27:42,744 | /home/sharmila/frappe-bench/apps/frappe/frappe/utils/scheduler.py:
Site: recruitpro.local
Queued events for site recruitpro.local
[DEBUG] 2020-04-28 12:28:42,978 | /home/sharmila/frappe-bench/apps/frappe/frappe/utils/scheduler.py:
Site: recruitpro.local
Queued events for site recruitpro.local
[ERROR] 2020-04-28 12:29:46,172 | /home/sharmila/frappe-bench/apps/frappe/frappe/app.py:
Site: recruitpro.local
Form Dict: {
 "cmd": "frappe.realtime.get_user_info"
}
Request Error
Traceback (most recent call last):
  File "/home/sharmila/frappe-bench/apps/frappe/frappe/app.py", line 62, in application
    response = frappe.api.handle()
  File "/home/sharmila/frappe-bench/apps/frappe/frappe/api.py", line 55, in handle
    return frappe.handler.handle()
  File "/home/sharmila/frappe-bench/apps/frappe/frappe/handler.py", line 22, in handle
    data = execute_cmd(cmd)
  File "/home/sharmila/frappe-bench/apps/frappe/frappe/handler.py", line 61, in execute_cmd
    return frappe.call(method, **frappe.form_dict)
  File "/home/sharmila/frappe-bench/apps/frappe/frappe/__init__.py", line 1054, in call
    return fn(*args, **newargs)
TypeError: get_user_info() missing 1 required positional argument: 'sid'
[ERROR] 2020-04-28 12:29:46,450 | /home/sharmila/frappe-bench/apps/frappe/frappe/utils/error.py:
Could not take error snapshot: invalid syntax (<string>, line 1)
Traceback (most recent call last):
  File "/home/sharmila/frappe-bench/apps/frappe/frappe/app.py", line 62, in application
    response = frappe.api.handle()
  File "/home/sharmila/frappe-bench/apps/frappe/frappe/api.py", line 55, in handle
    return frappe.handler.handle()
  File "/home/sharmila/frappe-bench/apps/frappe/frappe/handler.py", line 22, in handle
    data = execute_cmd(cmd)
  File "/home/sharmila/frappe-bench/apps/frappe/frappe/handler.py", line 61, in execute_cmd
    return frappe.call(method, **frappe.form_dict)
  File "/home/sharmila/frappe-bench/apps/frappe/frappe/__init__.py", line 1054, in call
    return fn(*args, **newargs)
TypeError: get_user_info() missing 1 required positional argument: 'sid'

During handling of the above exception, another exception occurred:

Traceback (most recent call last):
  File "/home/sharmila/frappe-bench/apps/frappe/frappe/utils/error.py", line 36, in make_error_snapshot
    snapshot = get_snapshot(exception)
  File "/home/sharmila/frappe-bench/apps/frappe/frappe/utils/error.py", line 132, in get_snapshot
    value = eval(value)
  File "<string>", line 1
    <built-in method with_traceback of TypeError object>
    ^
SyntaxError: invalid syntax
[DEBUG] 2020-04-28 12:30:45,690 | /home/sharmila/frappe-bench/apps/frappe/frappe/utils/scheduler.py:
Site: recruitpro.local
Queued events for site recruitpro.local
[DEBUG] 2020-04-28 12:31:45,946 | /home/sharmila/frappe-bench/apps/frappe/frappe/utils/scheduler.py:
Site: recruitpro.local
Queued events for site recruitpro.local
[DEBUG] 2020-04-28 12:32:46,173 | /home/sharmila/frappe-bench/apps/frappe/frappe/utils/scheduler.py:
Site: recruitpro.local
Queued events for site recruitpro.local
[DEBUG] 2020-04-28 12:33:46,381 | /home/sharmila/frappe-bench/apps/frappe/frappe/utils/scheduler.py:
Site: recruitpro.local
Queued events for site recruitpro.local
[DEBUG] 2020-04-28 12:34:46,774 | /home/sharmila/frappe-bench/apps/frappe/frappe/utils/scheduler.py:
Site: recruitpro.local
Queued events for site recruitpro.local
[DEBUG] 2020-04-28 12:35:46,999 | /home/sharmila/frappe-bench/apps/frappe/frappe/utils/scheduler.py:
Site: recruitpro.local
Queued events for site recruitpro.local
[DEBUG] 2020-04-28 12:36:47,242 | /home/sharmila/frappe-bench/apps/frappe/frappe/utils/scheduler.py:
Site: recruitpro.local
Queued events for site recruitpro.local
[DEBUG] 2020-04-28 12:37:47,452 | /home/sharmila/frappe-bench/apps/frappe/frappe/utils/scheduler.py:
Site: recruitpro.local
Queued events for site recruitpro.local
[DEBUG] 2020-04-28 12:38:47,684 | /home/sharmila/frappe-bench/apps/frappe/frappe/utils/scheduler.py:
Site: recruitpro.local
Queued events for site recruitpro.local
[DEBUG] 2020-04-28 12:39:47,891 | /home/sharmila/frappe-bench/apps/frappe/frappe/utils/scheduler.py:
Site: recruitpro.local
Queued events for site recruitpro.local
[DEBUG] 2020-04-28 12:40:48,121 | /home/sharmila/frappe-bench/apps/frappe/frappe/utils/scheduler.py:
Site: recruitpro.local
Queued events for site recruitpro.local
[DEBUG] 2020-04-28 12:41:48,333 | /home/sharmila/frappe-bench/apps/frappe/frappe/utils/scheduler.py:
Site: recruitpro.local
Queued events for site recruitpro.local
[DEBUG] 2020-04-28 12:42:48,530 | /home/sharmila/frappe-bench/apps/frappe/frappe/utils/scheduler.py:
Site: recruitpro.local
Queued events for site recruitpro.local
[DEBUG] 2020-04-28 12:43:48,804 | /home/sharmila/frappe-bench/apps/frappe/frappe/utils/scheduler.py:
Site: recruitpro.local
Queued events for site recruitpro.local
[DEBUG] 2020-04-28 12:44:49,026 | /home/sharmila/frappe-bench/apps/frappe/frappe/utils/scheduler.py:
Site: recruitpro.local
Queued events for site recruitpro.local
[DEBUG] 2020-04-28 12:45:49,243 | /home/sharmila/frappe-bench/apps/frappe/frappe/utils/scheduler.py:
Site: recruitpro.local
Queued events for site recruitpro.local
[DEBUG] 2020-04-28 12:46:49,459 | /home/sharmila/frappe-bench/apps/frappe/frappe/utils/scheduler.py:
Site: recruitpro.local
Queued events for site recruitpro.local
[DEBUG] 2020-04-28 12:47:49,678 | /home/sharmila/frappe-bench/apps/frappe/frappe/utils/scheduler.py:
Site: recruitpro.local
Queued events for site recruitpro.local
[DEBUG] 2020-04-28 12:48:49,896 | /home/sharmila/frappe-bench/apps/frappe/frappe/utils/scheduler.py:
Site: recruitpro.local
Queued events for site recruitpro.local
[DEBUG] 2020-04-28 12:49:50,102 | /home/sharmila/frappe-bench/apps/frappe/frappe/utils/scheduler.py:
Site: recruitpro.local
Queued events for site recruitpro.local
[DEBUG] 2020-04-28 12:50:50,305 | /home/sharmila/frappe-bench/apps/frappe/frappe/utils/scheduler.py:
Site: recruitpro.local
Queued events for site recruitpro.local
[DEBUG] 2020-04-28 12:51:50,562 | /home/sharmila/frappe-bench/apps/frappe/frappe/utils/scheduler.py:
Site: recruitpro.local
Queued events for site recruitpro.local
[DEBUG] 2020-04-28 12:52:50,836 | /home/sharmila/frappe-bench/apps/frappe/frappe/utils/scheduler.py:
Site: recruitpro.local
Queued events for site recruitpro.local
[DEBUG] 2020-04-28 12:53:51,047 | /home/sharmila/frappe-bench/apps/frappe/frappe/utils/scheduler.py:
Site: recruitpro.local
Queued events for site recruitpro.local
[DEBUG] 2020-04-28 12:54:51,249 | /home/sharmila/frappe-bench/apps/frappe/frappe/utils/scheduler.py:
Site: recruitpro.local
Queued events for site recruitpro.local
[DEBUG] 2020-04-28 12:55:51,464 | /home/sharmila/frappe-bench/apps/frappe/frappe/utils/scheduler.py:
Site: recruitpro.local
Queued events for site recruitpro.local
[DEBUG] 2020-04-28 12:56:51,680 | /home/sharmila/frappe-bench/apps/frappe/frappe/utils/scheduler.py:
Site: recruitpro.local
Queued events for site recruitpro.local
[DEBUG] 2020-04-28 12:57:51,896 | /home/sharmila/frappe-bench/apps/frappe/frappe/utils/scheduler.py:
Site: recruitpro.local
Queued events for site recruitpro.local
[DEBUG] 2020-04-28 12:58:52,091 | /home/sharmila/frappe-bench/apps/frappe/frappe/utils/scheduler.py:
Site: recruitpro.local
Queued events for site recruitpro.local
[DEBUG] 2020-04-28 12:59:52,310 | /home/sharmila/frappe-bench/apps/frappe/frappe/utils/scheduler.py:
Site: recruitpro.local
Queued events for site recruitpro.local
[DEBUG] 2020-04-28 13:00:52,637 | /home/sharmila/frappe-bench/apps/frappe/frappe/utils/scheduler.py:
Site: recruitpro.local
Queued events for site recruitpro.local
[DEBUG] 2020-04-28 13:01:52,860 | /home/sharmila/frappe-bench/apps/frappe/frappe/utils/scheduler.py:
Site: recruitpro.local
Queued events for site recruitpro.local
[DEBUG] 2020-04-28 13:02:53,083 | /home/sharmila/frappe-bench/apps/frappe/frappe/utils/scheduler.py:
Site: recruitpro.local
Queued events for site recruitpro.local
[DEBUG] 2020-04-28 13:03:53,292 | /home/sharmila/frappe-bench/apps/frappe/frappe/utils/scheduler.py:
Site: recruitpro.local
Queued events for site recruitpro.local
[DEBUG] 2020-04-28 13:04:53,534 | /home/sharmila/frappe-bench/apps/frappe/frappe/utils/scheduler.py:
Site: recruitpro.local
Queued events for site recruitpro.local
[DEBUG] 2020-04-28 13:05:53,808 | /home/sharmila/frappe-bench/apps/frappe/frappe/utils/scheduler.py:
Site: recruitpro.local
Queued events for site recruitpro.local
[DEBUG] 2020-04-28 13:06:54,014 | /home/sharmila/frappe-bench/apps/frappe/frappe/utils/scheduler.py:
Site: recruitpro.local
Queued events for site recruitpro.local
[DEBUG] 2020-04-28 13:07:54,220 | /home/sharmila/frappe-bench/apps/frappe/frappe/utils/scheduler.py:
Site: recruitpro.local
Queued events for site recruitpro.local
[DEBUG] 2020-04-28 13:08:54,443 | /home/sharmila/frappe-bench/apps/frappe/frappe/utils/scheduler.py:
Site: recruitpro.local
Queued events for site recruitpro.local
[DEBUG] 2020-04-28 13:09:54,642 | /home/sharmila/frappe-bench/apps/frappe/frappe/utils/scheduler.py:
Site: recruitpro.local
Queued events for site recruitpro.local
[DEBUG] 2020-04-28 13:10:54,850 | /home/sharmila/frappe-bench/apps/frappe/frappe/utils/scheduler.py:
Site: recruitpro.local
Queued events for site recruitpro.local
[DEBUG] 2020-04-28 13:11:55,051 | /home/sharmila/frappe-bench/apps/frappe/frappe/utils/scheduler.py:
Site: recruitpro.local
Queued events for site recruitpro.local
[DEBUG] 2020-04-28 13:12:55,293 | /home/sharmila/frappe-bench/apps/frappe/frappe/utils/scheduler.py:
Site: recruitpro.local
Queued events for site recruitpro.local
[DEBUG] 2020-04-28 13:13:55,507 | /home/sharmila/frappe-bench/apps/frappe/frappe/utils/scheduler.py:
Site: recruitpro.local
Queued events for site recruitpro.local
[DEBUG] 2020-04-28 13:14:55,714 | /home/sharmila/frappe-bench/apps/frappe/frappe/utils/scheduler.py:
Site: recruitpro.local
Queued events for site recruitpro.local
[DEBUG] 2020-04-28 13:15:55,946 | /home/sharmila/frappe-bench/apps/frappe/frappe/utils/scheduler.py:
Site: recruitpro.local
Queued events for site recruitpro.local
[DEBUG] 2020-04-28 13:16:56,176 | /home/sharmila/frappe-bench/apps/frappe/frappe/utils/scheduler.py:
Site: recruitpro.local
Queued events for site recruitpro.local
[DEBUG] 2020-04-28 13:17:56,385 | /home/sharmila/frappe-bench/apps/frappe/frappe/utils/scheduler.py:
Site: recruitpro.local
Queued events for site recruitpro.local
[DEBUG] 2020-04-28 13:18:56,582 | /home/sharmila/frappe-bench/apps/frappe/frappe/utils/scheduler.py:
Site: recruitpro.local
Queued events for site recruitpro.local
[DEBUG] 2020-04-28 13:19:56,790 | /home/sharmila/frappe-bench/apps/frappe/frappe/utils/scheduler.py:
Site: recruitpro.local
Queued events for site recruitpro.local
[DEBUG] 2020-04-28 13:20:57,023 | /home/sharmila/frappe-bench/apps/frappe/frappe/utils/scheduler.py:
Site: recruitpro.local
Queued events for site recruitpro.local
[DEBUG] 2020-04-28 13:21:57,229 | /home/sharmila/frappe-bench/apps/frappe/frappe/utils/scheduler.py:
Site: recruitpro.local
Queued events for site recruitpro.local
[DEBUG] 2020-04-28 13:22:57,437 | /home/sharmila/frappe-bench/apps/frappe/frappe/utils/scheduler.py:
Site: recruitpro.local
Queued events for site recruitpro.local
[DEBUG] 2020-04-28 13:23:57,660 | /home/sharmila/frappe-bench/apps/frappe/frappe/utils/scheduler.py:
Site: recruitpro.local
Queued events for site recruitpro.local
[DEBUG] 2020-04-28 13:24:57,896 | /home/sharmila/frappe-bench/apps/frappe/frappe/utils/scheduler.py:
Site: recruitpro.local
Queued events for site recruitpro.local
[DEBUG] 2020-04-28 13:25:58,116 | /home/sharmila/frappe-bench/apps/frappe/frappe/utils/scheduler.py:
Site: recruitpro.local
Queued events for site recruitpro.local
[DEBUG] 2020-04-28 13:26:58,426 | /home/sharmila/frappe-bench/apps/frappe/frappe/utils/scheduler.py:
Site: recruitpro.local
Queued events for site recruitpro.local
[DEBUG] 2020-04-28 13:27:58,627 | /home/sharmila/frappe-bench/apps/frappe/frappe/utils/scheduler.py:
Site: recruitpro.local
Queued events for site recruitpro.local
[DEBUG] 2020-04-28 13:28:58,978 | /home/sharmila/frappe-bench/apps/frappe/frappe/utils/scheduler.py:
Site: recruitpro.local
Queued events for site recruitpro.local
[DEBUG] 2020-04-28 13:29:59,192 | /home/sharmila/frappe-bench/apps/frappe/frappe/utils/scheduler.py:
Site: recruitpro.local
Queued events for site recruitpro.local
[DEBUG] 2020-04-28 13:30:59,392 | /home/sharmila/frappe-bench/apps/frappe/frappe/utils/scheduler.py:
Site: recruitpro.local
Queued events for site recruitpro.local
[DEBUG] 2020-04-28 13:31:59,600 | /home/sharmila/frappe-bench/apps/frappe/frappe/utils/scheduler.py:
Site: recruitpro.local
Queued events for site recruitpro.local
[DEBUG] 2020-04-28 13:32:59,823 | /home/sharmila/frappe-bench/apps/frappe/frappe/utils/scheduler.py:
Site: recruitpro.local
Queued events for site recruitpro.local
[DEBUG] 2020-04-28 13:34:00,036 | /home/sharmila/frappe-bench/apps/frappe/frappe/utils/scheduler.py:
Site: recruitpro.local
Queued events for site recruitpro.local
[DEBUG] 2020-04-28 13:35:00,261 | /home/sharmila/frappe-bench/apps/frappe/frappe/utils/scheduler.py:
Site: recruitpro.local
Queued events for site recruitpro.local
[DEBUG] 2020-04-28 13:36:00,530 | /home/sharmila/frappe-bench/apps/frappe/frappe/utils/scheduler.py:
Site: recruitpro.local
Queued events for site recruitpro.local
[DEBUG] 2020-04-28 13:37:00,726 | /home/sharmila/frappe-bench/apps/frappe/frappe/utils/scheduler.py:
Site: recruitpro.local
Queued events for site recruitpro.local
[DEBUG] 2020-04-28 13:38:00,932 | /home/sharmila/frappe-bench/apps/frappe/frappe/utils/scheduler.py:
Site: recruitpro.local
Queued events for site recruitpro.local
[DEBUG] 2020-04-28 13:39:01,142 | /home/sharmila/frappe-bench/apps/frappe/frappe/utils/scheduler.py:
Site: recruitpro.local
Queued events for site recruitpro.local
[DEBUG] 2020-04-28 13:40:01,371 | /home/sharmila/frappe-bench/apps/frappe/frappe/utils/scheduler.py:
Site: recruitpro.local
Queued events for site recruitpro.local
[DEBUG] 2020-04-28 13:41:01,587 | /home/sharmila/frappe-bench/apps/frappe/frappe/utils/scheduler.py:
Site: recruitpro.local
Queued events for site recruitpro.local
[DEBUG] 2020-04-28 13:42:01,794 | /home/sharmila/frappe-bench/apps/frappe/frappe/utils/scheduler.py:
Site: recruitpro.local
Queued events for site recruitpro.local
[DEBUG] 2020-04-28 13:43:02,000 | /home/sharmila/frappe-bench/apps/frappe/frappe/utils/scheduler.py:
Site: recruitpro.local
Queued events for site recruitpro.local
[DEBUG] 2020-04-28 13:44:02,228 | /home/sharmila/frappe-bench/apps/frappe/frappe/utils/scheduler.py:
Site: recruitpro.local
Queued events for site recruitpro.local
[DEBUG] 2020-04-28 13:45:02,440 | /home/sharmila/frappe-bench/apps/frappe/frappe/utils/scheduler.py:
Site: recruitpro.local
Queued events for site recruitpro.local
[DEBUG] 2020-04-28 13:46:02,658 | /home/sharmila/frappe-bench/apps/frappe/frappe/utils/scheduler.py:
Site: recruitpro.local
Queued events for site recruitpro.local
[DEBUG] 2020-04-28 13:47:02,867 | /home/sharmila/frappe-bench/apps/frappe/frappe/utils/scheduler.py:
Site: recruitpro.local
Queued events for site recruitpro.local
[DEBUG] 2020-04-28 13:48:03,093 | /home/sharmila/frappe-bench/apps/frappe/frappe/utils/scheduler.py:
Site: recruitpro.local
Queued events for site recruitpro.local
[DEBUG] 2020-04-28 13:49:03,292 | /home/sharmila/frappe-bench/apps/frappe/frappe/utils/scheduler.py:
Site: recruitpro.local
Queued events for site recruitpro.local
[DEBUG] 2020-04-28 13:50:03,500 | /home/sharmila/frappe-bench/apps/frappe/frappe/utils/scheduler.py:
Site: recruitpro.local
Queued events for site recruitpro.local
[DEBUG] 2020-04-28 13:51:03,773 | /home/sharmila/frappe-bench/apps/frappe/frappe/utils/scheduler.py:
Site: recruitpro.local
Queued events for site recruitpro.local
[DEBUG] 2020-04-28 13:52:03,998 | /home/sharmila/frappe-bench/apps/frappe/frappe/utils/scheduler.py:
Site: recruitpro.local
Queued events for site recruitpro.local
[DEBUG] 2020-04-28 13:53:04,219 | /home/sharmila/frappe-bench/apps/frappe/frappe/utils/scheduler.py:
Site: recruitpro.local
Queued events for site recruitpro.local
[DEBUG] 2020-04-28 13:54:04,419 | /home/sharmila/frappe-bench/apps/frappe/frappe/utils/scheduler.py:
Site: recruitpro.local
Queued events for site recruitpro.local
[DEBUG] 2020-04-28 13:55:04,625 | /home/sharmila/frappe-bench/apps/frappe/frappe/utils/scheduler.py:
Site: recruitpro.local
Queued events for site recruitpro.local
[DEBUG] 2020-04-28 13:56:04,853 | /home/sharmila/frappe-bench/apps/frappe/frappe/utils/scheduler.py:
Site: recruitpro.local
Queued events for site recruitpro.local
[DEBUG] 2020-04-28 13:57:05,067 | /home/sharmila/frappe-bench/apps/frappe/frappe/utils/scheduler.py:
Site: recruitpro.local
Queued events for site recruitpro.local
[DEBUG] 2020-04-28 13:58:05,280 | /home/sharmila/frappe-bench/apps/frappe/frappe/utils/scheduler.py:
Site: recruitpro.local
Queued events for site recruitpro.local
[DEBUG] 2020-04-28 13:59:05,679 | /home/sharmila/frappe-bench/apps/frappe/frappe/utils/scheduler.py:
Site: recruitpro.local
Queued events for site recruitpro.local
[DEBUG] 2020-04-28 14:00:05,921 | /home/sharmila/frappe-bench/apps/frappe/frappe/utils/scheduler.py:
Site: recruitpro.local
Queued events for site recruitpro.local
[DEBUG] 2020-04-28 14:01:06,143 | /home/sharmila/frappe-bench/apps/frappe/frappe/utils/scheduler.py:
Site: recruitpro.local
Queued events for site recruitpro.local
[DEBUG] 2020-04-28 14:02:06,366 | /home/sharmila/frappe-bench/apps/frappe/frappe/utils/scheduler.py:
Site: recruitpro.local
Queued events for site recruitpro.local
[DEBUG] 2020-04-28 14:03:06,571 | /home/sharmila/frappe-bench/apps/frappe/frappe/utils/scheduler.py:
Site: recruitpro.local
Queued events for site recruitpro.local
[DEBUG] 2020-04-28 14:04:06,796 | /home/sharmila/frappe-bench/apps/frappe/frappe/utils/scheduler.py:
Site: recruitpro.local
Queued events for site recruitpro.local
[DEBUG] 2020-04-28 14:05:07,003 | /home/sharmila/frappe-bench/apps/frappe/frappe/utils/scheduler.py:
Site: recruitpro.local
Queued events for site recruitpro.local
[DEBUG] 2020-04-28 14:06:07,237 | /home/sharmila/frappe-bench/apps/frappe/frappe/utils/scheduler.py:
Site: recruitpro.local
Queued events for site recruitpro.local
[DEBUG] 2020-04-28 14:07:07,451 | /home/sharmila/frappe-bench/apps/frappe/frappe/utils/scheduler.py:
Site: recruitpro.local
Queued events for site recruitpro.local
[DEBUG] 2020-04-28 14:08:07,670 | /home/sharmila/frappe-bench/apps/frappe/frappe/utils/scheduler.py:
Site: recruitpro.local
Queued events for site recruitpro.local
[DEBUG] 2020-04-28 14:09:07,909 | /home/sharmila/frappe-bench/apps/frappe/frappe/utils/scheduler.py:
Site: recruitpro.local
Queued events for site recruitpro.local
[DEBUG] 2020-04-28 14:10:08,123 | /home/sharmila/frappe-bench/apps/frappe/frappe/utils/scheduler.py:
Site: recruitpro.local
Queued events for site recruitpro.local
[DEBUG] 2020-04-28 14:11:08,374 | /home/sharmila/frappe-bench/apps/frappe/frappe/utils/scheduler.py:
Site: recruitpro.local
Queued events for site recruitpro.local
[DEBUG] 2020-04-28 14:12:08,591 | /home/sharmila/frappe-bench/apps/frappe/frappe/utils/scheduler.py:
Site: recruitpro.local
Queued events for site recruitpro.local
[DEBUG] 2020-04-28 14:13:08,807 | /home/sharmila/frappe-bench/apps/frappe/frappe/utils/scheduler.py:
Site: recruitpro.local
Queued events for site recruitpro.local
[DEBUG] 2020-04-28 14:14:09,072 | /home/sharmila/frappe-bench/apps/frappe/frappe/utils/scheduler.py:
Site: recruitpro.local
Queued events for site recruitpro.local
[DEBUG] 2020-04-28 14:15:09,275 | /home/sharmila/frappe-bench/apps/frappe/frappe/utils/scheduler.py:
Site: recruitpro.local
Queued events for site recruitpro.local
[DEBUG] 2020-04-28 14:16:09,534 | /home/sharmila/frappe-bench/apps/frappe/frappe/utils/scheduler.py:
Site: recruitpro.local
Queued events for site recruitpro.local
[DEBUG] 2020-04-28 14:17:09,734 | /home/sharmila/frappe-bench/apps/frappe/frappe/utils/scheduler.py:
Site: recruitpro.local
Queued events for site recruitpro.local
[DEBUG] 2020-04-28 14:18:09,953 | /home/sharmila/frappe-bench/apps/frappe/frappe/utils/scheduler.py:
Site: recruitpro.local
Queued events for site recruitpro.local
[DEBUG] 2020-04-28 14:19:10,154 | /home/sharmila/frappe-bench/apps/frappe/frappe/utils/scheduler.py:
Site: recruitpro.local
Queued events for site recruitpro.local
[DEBUG] 2020-04-28 14:20:10,390 | /home/sharmila/frappe-bench/apps/frappe/frappe/utils/scheduler.py:
Site: recruitpro.local
Queued events for site recruitpro.local
[DEBUG] 2020-04-28 14:21:10,630 | /home/sharmila/frappe-bench/apps/frappe/frappe/utils/scheduler.py:
Site: recruitpro.local
Queued events for site recruitpro.local
[DEBUG] 2020-04-28 14:22:10,839 | /home/sharmila/frappe-bench/apps/frappe/frappe/utils/scheduler.py:
Site: recruitpro.local
Queued events for site recruitpro.local
[DEBUG] 2020-04-28 14:23:11,038 | /home/sharmila/frappe-bench/apps/frappe/frappe/utils/scheduler.py:
Site: recruitpro.local
Queued events for site recruitpro.local
[DEBUG] 2020-04-28 14:24:11,266 | /home/sharmila/frappe-bench/apps/frappe/frappe/utils/scheduler.py:
Site: recruitpro.local
Queued events for site recruitpro.local
[DEBUG] 2020-04-28 14:25:11,475 | /home/sharmila/frappe-bench/apps/frappe/frappe/utils/scheduler.py:
Site: recruitpro.local
Queued events for site recruitpro.local
[DEBUG] 2020-04-28 14:26:11,681 | /home/sharmila/frappe-bench/apps/frappe/frappe/utils/scheduler.py:
Site: recruitpro.local
Queued events for site recruitpro.local
[DEBUG] 2020-04-28 14:27:11,943 | /home/sharmila/frappe-bench/apps/frappe/frappe/utils/scheduler.py:
Site: recruitpro.local
Queued events for site recruitpro.local
[DEBUG] 2020-04-28 14:28:12,171 | /home/sharmila/frappe-bench/apps/frappe/frappe/utils/scheduler.py:
Site: recruitpro.local
Queued events for site recruitpro.local
[DEBUG] 2020-04-28 14:29:12,378 | /home/sharmila/frappe-bench/apps/frappe/frappe/utils/scheduler.py:
Site: recruitpro.local
Queued events for site recruitpro.local
[DEBUG] 2020-04-28 14:30:12,593 | /home/sharmila/frappe-bench/apps/frappe/frappe/utils/scheduler.py:
Site: recruitpro.local
Queued events for site recruitpro.local
[DEBUG] 2020-04-28 14:31:12,801 | /home/sharmila/frappe-bench/apps/frappe/frappe/utils/scheduler.py:
Site: recruitpro.local
Queued events for site recruitpro.local
[DEBUG] 2020-04-28 14:32:13,036 | /home/sharmila/frappe-bench/apps/frappe/frappe/utils/scheduler.py:
Site: recruitpro.local
Queued events for site recruitpro.local
[DEBUG] 2020-04-28 14:33:13,319 | /home/sharmila/frappe-bench/apps/frappe/frappe/utils/scheduler.py:
Site: recruitpro.local
Queued events for site recruitpro.local
[DEBUG] 2020-04-28 14:34:13,562 | /home/sharmila/frappe-bench/apps/frappe/frappe/utils/scheduler.py:
Site: recruitpro.local
Queued events for site recruitpro.local
[DEBUG] 2020-04-28 14:35:13,777 | /home/sharmila/frappe-bench/apps/frappe/frappe/utils/scheduler.py:
Site: recruitpro.local
Queued events for site recruitpro.local
[DEBUG] 2020-04-28 14:36:14,065 | /home/sharmila/frappe-bench/apps/frappe/frappe/utils/scheduler.py:
Site: recruitpro.local
Queued events for site recruitpro.local
[DEBUG] 2020-04-28 14:37:14,280 | /home/sharmila/frappe-bench/apps/frappe/frappe/utils/scheduler.py:
Site: recruitpro.local
Queued events for site recruitpro.local
[DEBUG] 2020-04-28 14:38:14,489 | /home/sharmila/frappe-bench/apps/frappe/frappe/utils/scheduler.py:
Site: recruitpro.local
Queued events for site recruitpro.local
[DEBUG] 2020-04-28 14:39:14,698 | /home/sharmila/frappe-bench/apps/frappe/frappe/utils/scheduler.py:
Site: recruitpro.local
Queued events for site recruitpro.local
[DEBUG] 2020-04-28 14:40:14,922 | /home/sharmila/frappe-bench/apps/frappe/frappe/utils/scheduler.py:
Site: recruitpro.local
Queued events for site recruitpro.local
