[DEBUG] 2020-04-29 12:51:37,229 | /home/sharmila/frappe-bench/apps/frappe/frappe/utils/scheduler.py:
Site: recruitpro.local
Queued events for site recruitpro.local
[DEBUG] 2020-04-29 12:52:37,469 | /home/sharmila/frappe-bench/apps/frappe/frappe/utils/scheduler.py:
Site: recruitpro.local
Queued events for site recruitpro.local
[DEBUG] 2020-04-29 12:53:37,676 | /home/sharmila/frappe-bench/apps/frappe/frappe/utils/scheduler.py:
Site: recruitpro.local
Queued events for site recruitpro.local
[DEBUG] 2020-04-29 12:54:37,864 | /home/sharmila/frappe-bench/apps/frappe/frappe/utils/scheduler.py:
Site: recruitpro.local
Queued events for site recruitpro.local
[DEBUG] 2020-04-29 12:55:38,074 | /home/sharmila/frappe-bench/apps/frappe/frappe/utils/scheduler.py:
Site: recruitpro.local
Queued events for site recruitpro.local
[DEBUG] 2020-04-29 12:56:38,391 | /home/sharmila/frappe-bench/apps/frappe/frappe/utils/scheduler.py:
Site: recruitpro.local
Queued events for site recruitpro.local
[DEBUG] 2020-04-29 12:57:38,592 | /home/sharmila/frappe-bench/apps/frappe/frappe/utils/scheduler.py:
Site: recruitpro.local
Queued events for site recruitpro.local
[DEBUG] 2020-04-29 12:58:38,788 | /home/sharmila/frappe-bench/apps/frappe/frappe/utils/scheduler.py:
Site: recruitpro.local
Queued events for site recruitpro.local
[DEBUG] 2020-04-29 12:59:38,973 | /home/sharmila/frappe-bench/apps/frappe/frappe/utils/scheduler.py:
Site: recruitpro.local
Queued events for site recruitpro.local
[DEBUG] 2020-04-29 13:00:39,197 | /home/sharmila/frappe-bench/apps/frappe/frappe/utils/scheduler.py:
Site: recruitpro.local
Queued events for site recruitpro.local
[DEBUG] 2020-04-29 13:01:39,405 | /home/sharmila/frappe-bench/apps/frappe/frappe/utils/scheduler.py:
Site: recruitpro.local
Queued events for site recruitpro.local
[DEBUG] 2020-04-29 13:02:39,611 | /home/sharmila/frappe-bench/apps/frappe/frappe/utils/scheduler.py:
Site: recruitpro.local
Queued events for site recruitpro.local
[DEBUG] 2020-04-29 13:03:40,378 | /home/sharmila/frappe-bench/apps/frappe/frappe/utils/scheduler.py:
Site: recruitpro.local
Queued events for site recruitpro.local
[DEBUG] 2020-04-29 13:04:40,612 | /home/sharmila/frappe-bench/apps/frappe/frappe/utils/scheduler.py:
Site: recruitpro.local
Queued events for site recruitpro.local
[ERROR] 2020-04-29 13:05:13,031 | /home/sharmila/frappe-bench/apps/frappe/frappe/app.py:
Site: recruitpro.local
Form Dict: {
 "cmd": "frappe.realtime.get_user_info"
}
Request Error
Traceback (most recent call last):
  File "/home/sharmila/frappe-bench/apps/frappe/frappe/app.py", line 62, in application
    response = frappe.api.handle()
  File "/home/sharmila/frappe-bench/apps/frappe/frappe/api.py", line 55, in handle
    return frappe.handler.handle()
  File "/home/sharmila/frappe-bench/apps/frappe/frappe/handler.py", line 22, in handle
    data = execute_cmd(cmd)
  File "/home/sharmila/frappe-bench/apps/frappe/frappe/handler.py", line 61, in execute_cmd
    return frappe.call(method, **frappe.form_dict)
  File "/home/sharmila/frappe-bench/apps/frappe/frappe/__init__.py", line 1054, in call
    return fn(*args, **newargs)
TypeError: get_user_info() missing 1 required positional argument: 'sid'
[ERROR] 2020-04-29 13:05:13,031 | /home/sharmila/frappe-bench/apps/frappe/frappe/app.py:
Site: recruitpro.local
Form Dict: {
 "cmd": "frappe.realtime.get_user_info"
}
Site: recruitpro.local
Form Dict: {
 "cmd": "frappe.realtime.get_user_info"
}
Request Error
Traceback (most recent call last):
  File "/home/sharmila/frappe-bench/apps/frappe/frappe/app.py", line 62, in application
    response = frappe.api.handle()
  File "/home/sharmila/frappe-bench/apps/frappe/frappe/api.py", line 55, in handle
    return frappe.handler.handle()
  File "/home/sharmila/frappe-bench/apps/frappe/frappe/handler.py", line 22, in handle
    data = execute_cmd(cmd)
  File "/home/sharmila/frappe-bench/apps/frappe/frappe/handler.py", line 61, in execute_cmd
    return frappe.call(method, **frappe.form_dict)
  File "/home/sharmila/frappe-bench/apps/frappe/frappe/__init__.py", line 1054, in call
    return fn(*args, **newargs)
TypeError: get_user_info() missing 1 required positional argument: 'sid'
[ERROR] 2020-04-29 13:05:13,031 | /home/sharmila/frappe-bench/apps/frappe/frappe/app.py:
Site: recruitpro.local
Form Dict: {
 "cmd": "frappe.realtime.get_user_info"
}
Site: recruitpro.local
Form Dict: {
 "cmd": "frappe.realtime.get_user_info"
}
Site: recruitpro.local
Form Dict: {
 "cmd": "frappe.realtime.get_user_info"
}
Request Error
Traceback (most recent call last):
  File "/home/sharmila/frappe-bench/apps/frappe/frappe/app.py", line 62, in application
    response = frappe.api.handle()
  File "/home/sharmila/frappe-bench/apps/frappe/frappe/api.py", line 55, in handle
    return frappe.handler.handle()
  File "/home/sharmila/frappe-bench/apps/frappe/frappe/handler.py", line 22, in handle
    data = execute_cmd(cmd)
  File "/home/sharmila/frappe-bench/apps/frappe/frappe/handler.py", line 61, in execute_cmd
    return frappe.call(method, **frappe.form_dict)
  File "/home/sharmila/frappe-bench/apps/frappe/frappe/__init__.py", line 1054, in call
    return fn(*args, **newargs)
TypeError: get_user_info() missing 1 required positional argument: 'sid'
[ERROR] 2020-04-29 13:05:13,031 | /home/sharmila/frappe-bench/apps/frappe/frappe/app.py:
Site: recruitpro.local
Form Dict: {
 "cmd": "frappe.realtime.get_user_info"
}
Request Error
Traceback (most recent call last):
  File "/home/sharmila/frappe-bench/apps/frappe/frappe/app.py", line 62, in application
    response = frappe.api.handle()
  File "/home/sharmila/frappe-bench/apps/frappe/frappe/api.py", line 55, in handle
    return frappe.handler.handle()
  File "/home/sharmila/frappe-bench/apps/frappe/frappe/handler.py", line 22, in handle
    data = execute_cmd(cmd)
  File "/home/sharmila/frappe-bench/apps/frappe/frappe/handler.py", line 61, in execute_cmd
    return frappe.call(method, **frappe.form_dict)
  File "/home/sharmila/frappe-bench/apps/frappe/frappe/__init__.py", line 1054, in call
    return fn(*args, **newargs)
TypeError: get_user_info() missing 1 required positional argument: 'sid'
[ERROR] 2020-04-29 13:05:13,031 | /home/sharmila/frappe-bench/apps/frappe/frappe/app.py:
Site: recruitpro.local
Form Dict: {
 "cmd": "frappe.realtime.get_user_info"
}
Site: recruitpro.local
Form Dict: {
 "cmd": "frappe.realtime.get_user_info"
}
Request Error
Traceback (most recent call last):
  File "/home/sharmila/frappe-bench/apps/frappe/frappe/app.py", line 62, in application
    response = frappe.api.handle()
  File "/home/sharmila/frappe-bench/apps/frappe/frappe/api.py", line 55, in handle
    return frappe.handler.handle()
  File "/home/sharmila/frappe-bench/apps/frappe/frappe/handler.py", line 22, in handle
    data = execute_cmd(cmd)
  File "/home/sharmila/frappe-bench/apps/frappe/frappe/handler.py", line 61, in execute_cmd
    return frappe.call(method, **frappe.form_dict)
  File "/home/sharmila/frappe-bench/apps/frappe/frappe/__init__.py", line 1054, in call
    return fn(*args, **newargs)
TypeError: get_user_info() missing 1 required positional argument: 'sid'
[ERROR] 2020-04-29 13:05:13,031 | /home/sharmila/frappe-bench/apps/frappe/frappe/app.py:
Site: recruitpro.local
Form Dict: {
 "cmd": "frappe.realtime.get_user_info"
}
Site: recruitpro.local
Form Dict: {
 "cmd": "frappe.realtime.get_user_info"
}
Site: recruitpro.local
Form Dict: {
 "cmd": "frappe.realtime.get_user_info"
}
Request Error
Traceback (most recent call last):
  File "/home/sharmila/frappe-bench/apps/frappe/frappe/app.py", line 62, in application
    response = frappe.api.handle()
  File "/home/sharmila/frappe-bench/apps/frappe/frappe/api.py", line 55, in handle
    return frappe.handler.handle()
  File "/home/sharmila/frappe-bench/apps/frappe/frappe/handler.py", line 22, in handle
    data = execute_cmd(cmd)
  File "/home/sharmila/frappe-bench/apps/frappe/frappe/handler.py", line 61, in execute_cmd
    return frappe.call(method, **frappe.form_dict)
  File "/home/sharmila/frappe-bench/apps/frappe/frappe/__init__.py", line 1054, in call
    return fn(*args, **newargs)
TypeError: get_user_info() missing 1 required positional argument: 'sid'
[ERROR] 2020-04-29 13:05:13,032 | /home/sharmila/frappe-bench/apps/frappe/frappe/app.py:
Site: recruitpro.local
Form Dict: {
 "cmd": "frappe.realtime.get_user_info"
}
Request Error
Traceback (most recent call last):
  File "/home/sharmila/frappe-bench/apps/frappe/frappe/app.py", line 62, in application
    response = frappe.api.handle()
  File "/home/sharmila/frappe-bench/apps/frappe/frappe/api.py", line 55, in handle
    return frappe.handler.handle()
  File "/home/sharmila/frappe-bench/apps/frappe/frappe/handler.py", line 22, in handle
    data = execute_cmd(cmd)
  File "/home/sharmila/frappe-bench/apps/frappe/frappe/handler.py", line 61, in execute_cmd
    return frappe.call(method, **frappe.form_dict)
  File "/home/sharmila/frappe-bench/apps/frappe/frappe/__init__.py", line 1054, in call
    return fn(*args, **newargs)
TypeError: get_user_info() missing 1 required positional argument: 'sid'
[ERROR] 2020-04-29 13:05:13,032 | /home/sharmila/frappe-bench/apps/frappe/frappe/app.py:
Site: recruitpro.local
Form Dict: {
 "cmd": "frappe.realtime.get_user_info"
}
Site: recruitpro.local
Form Dict: {
 "cmd": "frappe.realtime.get_user_info"
}
Request Error
Traceback (most recent call last):
  File "/home/sharmila/frappe-bench/apps/frappe/frappe/app.py", line 62, in application
    response = frappe.api.handle()
  File "/home/sharmila/frappe-bench/apps/frappe/frappe/api.py", line 55, in handle
    return frappe.handler.handle()
  File "/home/sharmila/frappe-bench/apps/frappe/frappe/handler.py", line 22, in handle
    data = execute_cmd(cmd)
  File "/home/sharmila/frappe-bench/apps/frappe/frappe/handler.py", line 61, in execute_cmd
    return frappe.call(method, **frappe.form_dict)
  File "/home/sharmila/frappe-bench/apps/frappe/frappe/__init__.py", line 1054, in call
    return fn(*args, **newargs)
TypeError: get_user_info() missing 1 required positional argument: 'sid'
[ERROR] 2020-04-29 13:05:13,032 | /home/sharmila/frappe-bench/apps/frappe/frappe/app.py:
Site: recruitpro.local
Form Dict: {
 "cmd": "frappe.realtime.get_user_info"
}
Site: recruitpro.local
Form Dict: {
 "cmd": "frappe.realtime.get_user_info"
}
Site: recruitpro.local
Form Dict: {
 "cmd": "frappe.realtime.get_user_info"
}
Request Error
Traceback (most recent call last):
  File "/home/sharmila/frappe-bench/apps/frappe/frappe/app.py", line 62, in application
    response = frappe.api.handle()
  File "/home/sharmila/frappe-bench/apps/frappe/frappe/api.py", line 55, in handle
    return frappe.handler.handle()
  File "/home/sharmila/frappe-bench/apps/frappe/frappe/handler.py", line 22, in handle
    data = execute_cmd(cmd)
  File "/home/sharmila/frappe-bench/apps/frappe/frappe/handler.py", line 61, in execute_cmd
    return frappe.call(method, **frappe.form_dict)
  File "/home/sharmila/frappe-bench/apps/frappe/frappe/__init__.py", line 1054, in call
    return fn(*args, **newargs)
TypeError: get_user_info() missing 1 required positional argument: 'sid'
[ERROR] 2020-04-29 13:05:13,404 | /home/sharmila/frappe-bench/apps/frappe/frappe/utils/error.py:
Could not take error snapshot: invalid syntax (<string>, line 1)
Traceback (most recent call last):
  File "/home/sharmila/frappe-bench/apps/frappe/frappe/app.py", line 62, in application
    response = frappe.api.handle()
  File "/home/sharmila/frappe-bench/apps/frappe/frappe/api.py", line 55, in handle
    return frappe.handler.handle()
  File "/home/sharmila/frappe-bench/apps/frappe/frappe/handler.py", line 22, in handle
    data = execute_cmd(cmd)
  File "/home/sharmila/frappe-bench/apps/frappe/frappe/handler.py", line 61, in execute_cmd
    return frappe.call(method, **frappe.form_dict)
  File "/home/sharmila/frappe-bench/apps/frappe/frappe/__init__.py", line 1054, in call
    return fn(*args, **newargs)
TypeError: get_user_info() missing 1 required positional argument: 'sid'

During handling of the above exception, another exception occurred:

Traceback (most recent call last):
  File "/home/sharmila/frappe-bench/apps/frappe/frappe/utils/error.py", line 36, in make_error_snapshot
    snapshot = get_snapshot(exception)
  File "/home/sharmila/frappe-bench/apps/frappe/frappe/utils/error.py", line 132, in get_snapshot
    value = eval(value)
  File "<string>", line 1
    <built-in method with_traceback of TypeError object>
    ^
SyntaxError: invalid syntax
[ERROR] 2020-04-29 13:05:13,406 | /home/sharmila/frappe-bench/apps/frappe/frappe/utils/error.py:
Could not take error snapshot: invalid syntax (<string>, line 1)
Traceback (most recent call last):
  File "/home/sharmila/frappe-bench/apps/frappe/frappe/app.py", line 62, in application
    response = frappe.api.handle()
  File "/home/sharmila/frappe-bench/apps/frappe/frappe/api.py", line 55, in handle
    return frappe.handler.handle()
  File "/home/sharmila/frappe-bench/apps/frappe/frappe/handler.py", line 22, in handle
    data = execute_cmd(cmd)
  File "/home/sharmila/frappe-bench/apps/frappe/frappe/handler.py", line 61, in execute_cmd
    return frappe.call(method, **frappe.form_dict)
  File "/home/sharmila/frappe-bench/apps/frappe/frappe/__init__.py", line 1054, in call
    return fn(*args, **newargs)
TypeError: get_user_info() missing 1 required positional argument: 'sid'

During handling of the above exception, another exception occurred:

Traceback (most recent call last):
  File "/home/sharmila/frappe-bench/apps/frappe/frappe/utils/error.py", line 36, in make_error_snapshot
    snapshot = get_snapshot(exception)
  File "/home/sharmila/frappe-bench/apps/frappe/frappe/utils/error.py", line 132, in get_snapshot
    value = eval(value)
  File "<string>", line 1
    <built-in method with_traceback of TypeError object>
    ^
SyntaxError: invalid syntax
[ERROR] 2020-04-29 13:05:13,409 | /home/sharmila/frappe-bench/apps/frappe/frappe/utils/error.py:
Could not take error snapshot: invalid syntax (<string>, line 1)
Traceback (most recent call last):
  File "/home/sharmila/frappe-bench/apps/frappe/frappe/app.py", line 62, in application
    response = frappe.api.handle()
  File "/home/sharmila/frappe-bench/apps/frappe/frappe/api.py", line 55, in handle
    return frappe.handler.handle()
  File "/home/sharmila/frappe-bench/apps/frappe/frappe/handler.py", line 22, in handle
    data = execute_cmd(cmd)
  File "/home/sharmila/frappe-bench/apps/frappe/frappe/handler.py", line 61, in execute_cmd
    return frappe.call(method, **frappe.form_dict)
  File "/home/sharmila/frappe-bench/apps/frappe/frappe/__init__.py", line 1054, in call
    return fn(*args, **newargs)
TypeError: get_user_info() missing 1 required positional argument: 'sid'

During handling of the above exception, another exception occurred:

Traceback (most recent call last):
  File "/home/sharmila/frappe-bench/apps/frappe/frappe/utils/error.py", line 36, in make_error_snapshot
    snapshot = get_snapshot(exception)
  File "/home/sharmila/frappe-bench/apps/frappe/frappe/utils/error.py", line 132, in get_snapshot
    value = eval(value)
  File "<string>", line 1
    <built-in method with_traceback of TypeError object>
    ^
SyntaxError: invalid syntax
[DEBUG] 2020-04-29 13:06:11,227 | /home/sharmila/frappe-bench/apps/frappe/frappe/utils/scheduler.py:
Site: recruitpro.local
Queued events for site recruitpro.local
[DEBUG] 2020-04-29 13:07:11,450 | /home/sharmila/frappe-bench/apps/frappe/frappe/utils/scheduler.py:
Site: recruitpro.local
Queued events for site recruitpro.local
[DEBUG] 2020-04-29 13:08:11,658 | /home/sharmila/frappe-bench/apps/frappe/frappe/utils/scheduler.py:
Site: recruitpro.local
Queued events for site recruitpro.local
[DEBUG] 2020-04-29 13:09:11,871 | /home/sharmila/frappe-bench/apps/frappe/frappe/utils/scheduler.py:
Site: recruitpro.local
Queued events for site recruitpro.local
[DEBUG] 2020-04-29 13:10:12,219 | /home/sharmila/frappe-bench/apps/frappe/frappe/utils/scheduler.py:
Site: recruitpro.local
Queued events for site recruitpro.local
[DEBUG] 2020-04-29 13:11:12,438 | /home/sharmila/frappe-bench/apps/frappe/frappe/utils/scheduler.py:
Site: recruitpro.local
Queued events for site recruitpro.local
[DEBUG] 2020-04-29 13:12:12,753 | /home/sharmila/frappe-bench/apps/frappe/frappe/utils/scheduler.py:
Site: recruitpro.local
Queued events for site recruitpro.local
[DEBUG] 2020-04-29 13:13:12,961 | /home/sharmila/frappe-bench/apps/frappe/frappe/utils/scheduler.py:
Site: recruitpro.local
Queued events for site recruitpro.local
[DEBUG] 2020-04-29 13:14:13,173 | /home/sharmila/frappe-bench/apps/frappe/frappe/utils/scheduler.py:
Site: recruitpro.local
Queued events for site recruitpro.local
[DEBUG] 2020-04-29 13:15:13,592 | /home/sharmila/frappe-bench/apps/frappe/frappe/utils/scheduler.py:
Site: recruitpro.local
Queued events for site recruitpro.local
[DEBUG] 2020-04-29 13:16:13,808 | /home/sharmila/frappe-bench/apps/frappe/frappe/utils/scheduler.py:
Site: recruitpro.local
Queued events for site recruitpro.local
[DEBUG] 2020-04-29 13:17:14,011 | /home/sharmila/frappe-bench/apps/frappe/frappe/utils/scheduler.py:
Site: recruitpro.local
Queued events for site recruitpro.local
[DEBUG] 2020-04-29 13:18:14,320 | /home/sharmila/frappe-bench/apps/frappe/frappe/utils/scheduler.py:
Site: recruitpro.local
Queued events for site recruitpro.local
[DEBUG] 2020-04-29 13:19:14,518 | /home/sharmila/frappe-bench/apps/frappe/frappe/utils/scheduler.py:
Site: recruitpro.local
Queued events for site recruitpro.local
[DEBUG] 2020-04-29 13:20:14,743 | /home/sharmila/frappe-bench/apps/frappe/frappe/utils/scheduler.py:
Site: recruitpro.local
Queued events for site recruitpro.local
[DEBUG] 2020-04-29 13:21:14,956 | /home/sharmila/frappe-bench/apps/frappe/frappe/utils/scheduler.py:
Site: recruitpro.local
Queued events for site recruitpro.local
[DEBUG] 2020-04-29 13:22:15,166 | /home/sharmila/frappe-bench/apps/frappe/frappe/utils/scheduler.py:
Site: recruitpro.local
Queued events for site recruitpro.local
[DEBUG] 2020-04-29 13:23:15,370 | /home/sharmila/frappe-bench/apps/frappe/frappe/utils/scheduler.py:
Site: recruitpro.local
Queued events for site recruitpro.local
[DEBUG] 2020-04-29 13:24:15,606 | /home/sharmila/frappe-bench/apps/frappe/frappe/utils/scheduler.py:
Site: recruitpro.local
Queued events for site recruitpro.local
[DEBUG] 2020-04-29 13:25:15,822 | /home/sharmila/frappe-bench/apps/frappe/frappe/utils/scheduler.py:
Site: recruitpro.local
Queued events for site recruitpro.local
[DEBUG] 2020-04-29 13:26:16,033 | /home/sharmila/frappe-bench/apps/frappe/frappe/utils/scheduler.py:
Site: recruitpro.local
Queued events for site recruitpro.local
[DEBUG] 2020-04-29 13:27:16,263 | /home/sharmila/frappe-bench/apps/frappe/frappe/utils/scheduler.py:
Site: recruitpro.local
Queued events for site recruitpro.local
[DEBUG] 2020-04-29 13:28:16,511 | /home/sharmila/frappe-bench/apps/frappe/frappe/utils/scheduler.py:
Site: recruitpro.local
Queued events for site recruitpro.local
[DEBUG] 2020-04-29 13:29:16,730 | /home/sharmila/frappe-bench/apps/frappe/frappe/utils/scheduler.py:
Site: recruitpro.local
Queued events for site recruitpro.local
[DEBUG] 2020-04-29 13:30:16,935 | /home/sharmila/frappe-bench/apps/frappe/frappe/utils/scheduler.py:
Site: recruitpro.local
Queued events for site recruitpro.local
[DEBUG] 2020-04-29 13:31:17,138 | /home/sharmila/frappe-bench/apps/frappe/frappe/utils/scheduler.py:
Site: recruitpro.local
Queued events for site recruitpro.local
[DEBUG] 2020-04-29 13:32:17,448 | /home/sharmila/frappe-bench/apps/frappe/frappe/utils/scheduler.py:
Site: recruitpro.local
Queued events for site recruitpro.local
[DEBUG] 2020-04-29 13:33:17,637 | /home/sharmila/frappe-bench/apps/frappe/frappe/utils/scheduler.py:
Site: recruitpro.local
Queued events for site recruitpro.local
[DEBUG] 2020-04-29 13:34:17,830 | /home/sharmila/frappe-bench/apps/frappe/frappe/utils/scheduler.py:
Site: recruitpro.local
Queued events for site recruitpro.local
[DEBUG] 2020-04-29 13:35:18,019 | /home/sharmila/frappe-bench/apps/frappe/frappe/utils/scheduler.py:
Site: recruitpro.local
Queued events for site recruitpro.local
[DEBUG] 2020-04-29 13:36:18,245 | /home/sharmila/frappe-bench/apps/frappe/frappe/utils/scheduler.py:
Site: recruitpro.local
Queued events for site recruitpro.local
[DEBUG] 2020-04-29 13:37:18,511 | /home/sharmila/frappe-bench/apps/frappe/frappe/utils/scheduler.py:
Site: recruitpro.local
Queued events for site recruitpro.local
[DEBUG] 2020-04-29 13:38:18,738 | /home/sharmila/frappe-bench/apps/frappe/frappe/utils/scheduler.py:
Site: recruitpro.local
Queued events for site recruitpro.local
[DEBUG] 2020-04-29 13:39:18,926 | /home/sharmila/frappe-bench/apps/frappe/frappe/utils/scheduler.py:
Site: recruitpro.local
Queued events for site recruitpro.local
[DEBUG] 2020-04-29 13:40:19,160 | /home/sharmila/frappe-bench/apps/frappe/frappe/utils/scheduler.py:
Site: recruitpro.local
Queued events for site recruitpro.local
[DEBUG] 2020-04-29 13:41:19,363 | /home/sharmila/frappe-bench/apps/frappe/frappe/utils/scheduler.py:
Site: recruitpro.local
Queued events for site recruitpro.local
[DEBUG] 2020-04-29 13:42:19,567 | /home/sharmila/frappe-bench/apps/frappe/frappe/utils/scheduler.py:
Site: recruitpro.local
Queued events for site recruitpro.local
[DEBUG] 2020-04-29 13:43:19,769 | /home/sharmila/frappe-bench/apps/frappe/frappe/utils/scheduler.py:
Site: recruitpro.local
Queued events for site recruitpro.local
[DEBUG] 2020-04-29 13:44:19,991 | /home/sharmila/frappe-bench/apps/frappe/frappe/utils/scheduler.py:
Site: recruitpro.local
Queued events for site recruitpro.local
[DEBUG] 2020-04-29 13:45:20,265 | /home/sharmila/frappe-bench/apps/frappe/frappe/utils/scheduler.py:
Site: recruitpro.local
Queued events for site recruitpro.local
[DEBUG] 2020-04-29 13:46:20,515 | /home/sharmila/frappe-bench/apps/frappe/frappe/utils/scheduler.py:
Site: recruitpro.local
Queued events for site recruitpro.local
[DEBUG] 2020-04-29 13:47:20,735 | /home/sharmila/frappe-bench/apps/frappe/frappe/utils/scheduler.py:
Site: recruitpro.local
Queued events for site recruitpro.local
[DEBUG] 2020-04-29 13:48:20,977 | /home/sharmila/frappe-bench/apps/frappe/frappe/utils/scheduler.py:
Site: recruitpro.local
Queued events for site recruitpro.local
[DEBUG] 2020-04-29 13:49:21,200 | /home/sharmila/frappe-bench/apps/frappe/frappe/utils/scheduler.py:
Site: recruitpro.local
Queued events for site recruitpro.local
[DEBUG] 2020-04-29 13:50:21,522 | /home/sharmila/frappe-bench/apps/frappe/frappe/utils/scheduler.py:
Site: recruitpro.local
Queued events for site recruitpro.local
[DEBUG] 2020-04-29 13:51:21,729 | /home/sharmila/frappe-bench/apps/frappe/frappe/utils/scheduler.py:
Site: recruitpro.local
Queued events for site recruitpro.local
[DEBUG] 2020-04-29 13:52:21,947 | /home/sharmila/frappe-bench/apps/frappe/frappe/utils/scheduler.py:
Site: recruitpro.local
Queued events for site recruitpro.local
[DEBUG] 2020-04-29 13:53:22,148 | /home/sharmila/frappe-bench/apps/frappe/frappe/utils/scheduler.py:
Site: recruitpro.local
Queued events for site recruitpro.local
[DEBUG] 2020-04-29 13:54:22,388 | /home/sharmila/frappe-bench/apps/frappe/frappe/utils/scheduler.py:
Site: recruitpro.local
Queued events for site recruitpro.local
[DEBUG] 2020-04-29 13:55:22,682 | /home/sharmila/frappe-bench/apps/frappe/frappe/utils/scheduler.py:
Site: recruitpro.local
Queued events for site recruitpro.local
[DEBUG] 2020-04-29 13:56:23,081 | /home/sharmila/frappe-bench/apps/frappe/frappe/utils/scheduler.py:
Site: recruitpro.local
Queued events for site recruitpro.local
[DEBUG] 2020-04-29 13:57:23,294 | /home/sharmila/frappe-bench/apps/frappe/frappe/utils/scheduler.py:
Site: recruitpro.local
Queued events for site recruitpro.local
[DEBUG] 2020-04-29 13:58:23,499 | /home/sharmila/frappe-bench/apps/frappe/frappe/utils/scheduler.py:
Site: recruitpro.local
Queued events for site recruitpro.local
[DEBUG] 2020-04-29 13:59:23,711 | /home/sharmila/frappe-bench/apps/frappe/frappe/utils/scheduler.py:
Site: recruitpro.local
Queued events for site recruitpro.local
[DEBUG] 2020-04-29 14:00:24,076 | /home/sharmila/frappe-bench/apps/frappe/frappe/utils/scheduler.py:
Site: recruitpro.local
Queued events for site recruitpro.local
[DEBUG] 2020-04-29 14:01:24,330 | /home/sharmila/frappe-bench/apps/frappe/frappe/utils/scheduler.py:
Site: recruitpro.local
Queued events for site recruitpro.local
[DEBUG] 2020-04-29 14:02:24,552 | /home/sharmila/frappe-bench/apps/frappe/frappe/utils/scheduler.py:
Site: recruitpro.local
Queued events for site recruitpro.local
[DEBUG] 2020-04-29 14:03:24,746 | /home/sharmila/frappe-bench/apps/frappe/frappe/utils/scheduler.py:
Site: recruitpro.local
Queued events for site recruitpro.local
[DEBUG] 2020-04-29 14:04:24,985 | /home/sharmila/frappe-bench/apps/frappe/frappe/utils/scheduler.py:
Site: recruitpro.local
Queued events for site recruitpro.local
[DEBUG] 2020-04-29 14:05:25,202 | /home/sharmila/frappe-bench/apps/frappe/frappe/utils/scheduler.py:
Site: recruitpro.local
Queued events for site recruitpro.local
[DEBUG] 2020-04-29 14:06:25,409 | /home/sharmila/frappe-bench/apps/frappe/frappe/utils/scheduler.py:
Site: recruitpro.local
Queued events for site recruitpro.local
[DEBUG] 2020-04-29 14:07:25,617 | /home/sharmila/frappe-bench/apps/frappe/frappe/utils/scheduler.py:
Site: recruitpro.local
Queued events for site recruitpro.local
[DEBUG] 2020-04-29 14:08:25,872 | /home/sharmila/frappe-bench/apps/frappe/frappe/utils/scheduler.py:
Site: recruitpro.local
Queued events for site recruitpro.local
[DEBUG] 2020-04-29 14:09:26,061 | /home/sharmila/frappe-bench/apps/frappe/frappe/utils/scheduler.py:
Site: recruitpro.local
Queued events for site recruitpro.local
[DEBUG] 2020-04-29 14:10:26,306 | /home/sharmila/frappe-bench/apps/frappe/frappe/utils/scheduler.py:
Site: recruitpro.local
Queued events for site recruitpro.local
[DEBUG] 2020-04-29 14:11:26,538 | /home/sharmila/frappe-bench/apps/frappe/frappe/utils/scheduler.py:
Site: recruitpro.local
Queued events for site recruitpro.local
[DEBUG] 2020-04-29 14:12:26,770 | /home/sharmila/frappe-bench/apps/frappe/frappe/utils/scheduler.py:
Site: recruitpro.local
Queued events for site recruitpro.local
[DEBUG] 2020-04-29 14:13:26,976 | /home/sharmila/frappe-bench/apps/frappe/frappe/utils/scheduler.py:
Site: recruitpro.local
Queued events for site recruitpro.local
[DEBUG] 2020-04-29 14:14:27,210 | /home/sharmila/frappe-bench/apps/frappe/frappe/utils/scheduler.py:
Site: recruitpro.local
Queued events for site recruitpro.local
[DEBUG] 2020-04-29 14:15:27,421 | /home/sharmila/frappe-bench/apps/frappe/frappe/utils/scheduler.py:
Site: recruitpro.local
Queued events for site recruitpro.local
[DEBUG] 2020-04-29 14:16:27,655 | /home/sharmila/frappe-bench/apps/frappe/frappe/utils/scheduler.py:
Site: recruitpro.local
Queued events for site recruitpro.local
[DEBUG] 2020-04-29 14:17:27,931 | /home/sharmila/frappe-bench/apps/frappe/frappe/utils/scheduler.py:
Site: recruitpro.local
Queued events for site recruitpro.local
[DEBUG] 2020-04-29 14:18:28,130 | /home/sharmila/frappe-bench/apps/frappe/frappe/utils/scheduler.py:
Site: recruitpro.local
Queued events for site recruitpro.local
[DEBUG] 2020-04-29 14:19:28,372 | /home/sharmila/frappe-bench/apps/frappe/frappe/utils/scheduler.py:
Site: recruitpro.local
Queued events for site recruitpro.local
[DEBUG] 2020-04-29 14:20:28,617 | /home/sharmila/frappe-bench/apps/frappe/frappe/utils/scheduler.py:
Site: recruitpro.local
Queued events for site recruitpro.local
[DEBUG] 2020-04-29 14:21:29,160 | /home/sharmila/frappe-bench/apps/frappe/frappe/utils/scheduler.py:
Site: recruitpro.local
Queued events for site recruitpro.local
[DEBUG] 2020-04-29 14:22:29,360 | /home/sharmila/frappe-bench/apps/frappe/frappe/utils/scheduler.py:
Site: recruitpro.local
Queued events for site recruitpro.local
[DEBUG] 2020-04-29 14:23:30,608 | /home/sharmila/frappe-bench/apps/frappe/frappe/utils/scheduler.py:
Site: recruitpro.local
Queued events for site recruitpro.local
[DEBUG] 2020-04-29 14:24:31,345 | /home/sharmila/frappe-bench/apps/frappe/frappe/utils/scheduler.py:
Site: recruitpro.local
Queued events for site recruitpro.local
[DEBUG] 2020-04-29 14:25:31,557 | /home/sharmila/frappe-bench/apps/frappe/frappe/utils/scheduler.py:
Site: recruitpro.local
Queued events for site recruitpro.local
[DEBUG] 2020-04-29 14:26:31,860 | /home/sharmila/frappe-bench/apps/frappe/frappe/utils/scheduler.py:
Site: recruitpro.local
Queued events for site recruitpro.local
[DEBUG] 2020-04-29 14:27:32,063 | /home/sharmila/frappe-bench/apps/frappe/frappe/utils/scheduler.py:
Site: recruitpro.local
Queued events for site recruitpro.local
[DEBUG] 2020-04-29 14:28:32,320 | /home/sharmila/frappe-bench/apps/frappe/frappe/utils/scheduler.py:
Site: recruitpro.local
Queued events for site recruitpro.local
[DEBUG] 2020-04-29 14:29:32,523 | /home/sharmila/frappe-bench/apps/frappe/frappe/utils/scheduler.py:
Site: recruitpro.local
Queued events for site recruitpro.local
[DEBUG] 2020-04-29 14:30:32,745 | /home/sharmila/frappe-bench/apps/frappe/frappe/utils/scheduler.py:
Site: recruitpro.local
Queued events for site recruitpro.local
[DEBUG] 2020-04-29 14:31:32,945 | /home/sharmila/frappe-bench/apps/frappe/frappe/utils/scheduler.py:
Site: recruitpro.local
Queued events for site recruitpro.local
[DEBUG] 2020-04-29 14:32:33,268 | /home/sharmila/frappe-bench/apps/frappe/frappe/utils/scheduler.py:
Site: recruitpro.local
Queued events for site recruitpro.local
[DEBUG] 2020-04-29 14:33:33,509 | /home/sharmila/frappe-bench/apps/frappe/frappe/utils/scheduler.py:
Site: recruitpro.local
Queued events for site recruitpro.local
[DEBUG] 2020-04-29 14:34:33,712 | /home/sharmila/frappe-bench/apps/frappe/frappe/utils/scheduler.py:
Site: recruitpro.local
Queued events for site recruitpro.local
[DEBUG] 2020-04-29 14:35:33,929 | /home/sharmila/frappe-bench/apps/frappe/frappe/utils/scheduler.py:
Site: recruitpro.local
Queued events for site recruitpro.local
[DEBUG] 2020-04-29 14:36:34,167 | /home/sharmila/frappe-bench/apps/frappe/frappe/utils/scheduler.py:
Site: recruitpro.local
Queued events for site recruitpro.local
[DEBUG] 2020-04-29 14:37:34,372 | /home/sharmila/frappe-bench/apps/frappe/frappe/utils/scheduler.py:
Site: recruitpro.local
Queued events for site recruitpro.local
[DEBUG] 2020-04-29 14:38:34,580 | /home/sharmila/frappe-bench/apps/frappe/frappe/utils/scheduler.py:
Site: recruitpro.local
Queued events for site recruitpro.local
[DEBUG] 2020-04-29 14:39:34,805 | /home/sharmila/frappe-bench/apps/frappe/frappe/utils/scheduler.py:
Site: recruitpro.local
Queued events for site recruitpro.local
[DEBUG] 2020-04-29 14:40:35,240 | /home/sharmila/frappe-bench/apps/frappe/frappe/utils/scheduler.py:
Site: recruitpro.local
Queued events for site recruitpro.local
[DEBUG] 2020-04-29 14:41:35,454 | /home/sharmila/frappe-bench/apps/frappe/frappe/utils/scheduler.py:
Site: recruitpro.local
Queued events for site recruitpro.local
[DEBUG] 2020-04-29 14:42:35,671 | /home/sharmila/frappe-bench/apps/frappe/frappe/utils/scheduler.py:
Site: recruitpro.local
Queued events for site recruitpro.local
[DEBUG] 2020-04-29 14:43:35,933 | /home/sharmila/frappe-bench/apps/frappe/frappe/utils/scheduler.py:
Site: recruitpro.local
Queued events for site recruitpro.local
[DEBUG] 2020-04-29 14:44:36,155 | /home/sharmila/frappe-bench/apps/frappe/frappe/utils/scheduler.py:
Site: recruitpro.local
Queued events for site recruitpro.local
[DEBUG] 2020-04-29 14:45:36,368 | /home/sharmila/frappe-bench/apps/frappe/frappe/utils/scheduler.py:
Site: recruitpro.local
Queued events for site recruitpro.local
[DEBUG] 2020-04-29 14:46:36,577 | /home/sharmila/frappe-bench/apps/frappe/frappe/utils/scheduler.py:
Site: recruitpro.local
Queued events for site recruitpro.local
[DEBUG] 2020-04-29 14:47:36,790 | /home/sharmila/frappe-bench/apps/frappe/frappe/utils/scheduler.py:
Site: recruitpro.local
Queued events for site recruitpro.local
[DEBUG] 2020-04-29 14:48:37,010 | /home/sharmila/frappe-bench/apps/frappe/frappe/utils/scheduler.py:
Site: recruitpro.local
Queued events for site recruitpro.local
[DEBUG] 2020-04-29 14:49:37,226 | /home/sharmila/frappe-bench/apps/frappe/frappe/utils/scheduler.py:
Site: recruitpro.local
Queued events for site recruitpro.local
[DEBUG] 2020-04-29 14:50:37,431 | /home/sharmila/frappe-bench/apps/frappe/frappe/utils/scheduler.py:
Site: recruitpro.local
Queued events for site recruitpro.local
[DEBUG] 2020-04-29 14:51:37,647 | /home/sharmila/frappe-bench/apps/frappe/frappe/utils/scheduler.py:
Site: recruitpro.local
Queued events for site recruitpro.local
[DEBUG] 2020-04-29 14:52:37,881 | /home/sharmila/frappe-bench/apps/frappe/frappe/utils/scheduler.py:
Site: recruitpro.local
Queued events for site recruitpro.local
[DEBUG] 2020-04-29 14:53:38,087 | /home/sharmila/frappe-bench/apps/frappe/frappe/utils/scheduler.py:
Site: recruitpro.local
Queued events for site recruitpro.local
[DEBUG] 2020-04-29 14:54:38,295 | /home/sharmila/frappe-bench/apps/frappe/frappe/utils/scheduler.py:
Site: recruitpro.local
Queued events for site recruitpro.local
[DEBUG] 2020-04-29 14:55:38,510 | /home/sharmila/frappe-bench/apps/frappe/frappe/utils/scheduler.py:
Site: recruitpro.local
Queued events for site recruitpro.local
[DEBUG] 2020-04-29 14:56:38,734 | /home/sharmila/frappe-bench/apps/frappe/frappe/utils/scheduler.py:
Site: recruitpro.local
Queued events for site recruitpro.local
[DEBUG] 2020-04-29 14:57:38,936 | /home/sharmila/frappe-bench/apps/frappe/frappe/utils/scheduler.py:
Site: recruitpro.local
Queued events for site recruitpro.local
[DEBUG] 2020-04-29 14:58:39,154 | /home/sharmila/frappe-bench/apps/frappe/frappe/utils/scheduler.py:
Site: recruitpro.local
Queued events for site recruitpro.local
[DEBUG] 2020-04-29 14:59:39,363 | /home/sharmila/frappe-bench/apps/frappe/frappe/utils/scheduler.py:
Site: recruitpro.local
Queued events for site recruitpro.local
[DEBUG] 2020-04-29 15:00:39,601 | /home/sharmila/frappe-bench/apps/frappe/frappe/utils/scheduler.py:
Site: recruitpro.local
Queued events for site recruitpro.local
[DEBUG] 2020-04-29 15:01:39,821 | /home/sharmila/frappe-bench/apps/frappe/frappe/utils/scheduler.py:
Site: recruitpro.local
Queued events for site recruitpro.local
[DEBUG] 2020-04-29 15:02:40,081 | /home/sharmila/frappe-bench/apps/frappe/frappe/utils/scheduler.py:
Site: recruitpro.local
Queued events for site recruitpro.local
[DEBUG] 2020-04-29 15:03:40,292 | /home/sharmila/frappe-bench/apps/frappe/frappe/utils/scheduler.py:
Site: recruitpro.local
Queued events for site recruitpro.local
[DEBUG] 2020-04-29 15:04:40,541 | /home/sharmila/frappe-bench/apps/frappe/frappe/utils/scheduler.py:
Site: recruitpro.local
Queued events for site recruitpro.local
[DEBUG] 2020-04-29 15:05:40,752 | /home/sharmila/frappe-bench/apps/frappe/frappe/utils/scheduler.py:
Site: recruitpro.local
Queued events for site recruitpro.local
[DEBUG] 2020-04-29 15:06:40,984 | /home/sharmila/frappe-bench/apps/frappe/frappe/utils/scheduler.py:
Site: recruitpro.local
Queued events for site recruitpro.local
[DEBUG] 2020-04-29 15:07:41,256 | /home/sharmila/frappe-bench/apps/frappe/frappe/utils/scheduler.py:
Site: recruitpro.local
Queued events for site recruitpro.local
[DEBUG] 2020-04-29 15:08:41,480 | /home/sharmila/frappe-bench/apps/frappe/frappe/utils/scheduler.py:
Site: recruitpro.local
Queued events for site recruitpro.local
[DEBUG] 2020-04-29 15:09:41,695 | /home/sharmila/frappe-bench/apps/frappe/frappe/utils/scheduler.py:
Site: recruitpro.local
Queued events for site recruitpro.local
[DEBUG] 2020-04-29 15:10:41,921 | /home/sharmila/frappe-bench/apps/frappe/frappe/utils/scheduler.py:
Site: recruitpro.local
Queued events for site recruitpro.local
[DEBUG] 2020-04-29 15:11:42,135 | /home/sharmila/frappe-bench/apps/frappe/frappe/utils/scheduler.py:
Site: recruitpro.local
Queued events for site recruitpro.local
[DEBUG] 2020-04-29 15:12:42,361 | /home/sharmila/frappe-bench/apps/frappe/frappe/utils/scheduler.py:
Site: recruitpro.local
Queued events for site recruitpro.local
[DEBUG] 2020-04-29 15:13:42,579 | /home/sharmila/frappe-bench/apps/frappe/frappe/utils/scheduler.py:
Site: recruitpro.local
Queued events for site recruitpro.local
[DEBUG] 2020-04-29 15:14:42,794 | /home/sharmila/frappe-bench/apps/frappe/frappe/utils/scheduler.py:
Site: recruitpro.local
Queued events for site recruitpro.local
[DEBUG] 2020-04-29 15:15:43,129 | /home/sharmila/frappe-bench/apps/frappe/frappe/utils/scheduler.py:
Site: recruitpro.local
Queued events for site recruitpro.local
[DEBUG] 2020-04-29 15:16:43,356 | /home/sharmila/frappe-bench/apps/frappe/frappe/utils/scheduler.py:
Site: recruitpro.local
Queued events for site recruitpro.local
[DEBUG] 2020-04-29 15:17:43,563 | /home/sharmila/frappe-bench/apps/frappe/frappe/utils/scheduler.py:
Site: recruitpro.local
Queued events for site recruitpro.local
[DEBUG] 2020-04-29 15:18:43,753 | /home/sharmila/frappe-bench/apps/frappe/frappe/utils/scheduler.py:
Site: recruitpro.local
Queued events for site recruitpro.local
[DEBUG] 2020-04-29 15:19:43,954 | /home/sharmila/frappe-bench/apps/frappe/frappe/utils/scheduler.py:
Site: recruitpro.local
Queued events for site recruitpro.local
[DEBUG] 2020-04-29 15:20:44,164 | /home/sharmila/frappe-bench/apps/frappe/frappe/utils/scheduler.py:
Site: recruitpro.local
Queued events for site recruitpro.local
[DEBUG] 2020-04-29 15:21:44,370 | /home/sharmila/frappe-bench/apps/frappe/frappe/utils/scheduler.py:
Site: recruitpro.local
Queued events for site recruitpro.local
[DEBUG] 2020-04-29 15:22:44,571 | /home/sharmila/frappe-bench/apps/frappe/frappe/utils/scheduler.py:
Site: recruitpro.local
Queued events for site recruitpro.local
[DEBUG] 2020-04-29 15:23:44,792 | /home/sharmila/frappe-bench/apps/frappe/frappe/utils/scheduler.py:
Site: recruitpro.local
Queued events for site recruitpro.local
[DEBUG] 2020-04-29 15:24:45,019 | /home/sharmila/frappe-bench/apps/frappe/frappe/utils/scheduler.py:
Site: recruitpro.local
Queued events for site recruitpro.local
[DEBUG] 2020-04-29 15:25:45,325 | /home/sharmila/frappe-bench/apps/frappe/frappe/utils/scheduler.py:
Site: recruitpro.local
Queued events for site recruitpro.local
[DEBUG] 2020-04-29 15:26:45,534 | /home/sharmila/frappe-bench/apps/frappe/frappe/utils/scheduler.py:
Site: recruitpro.local
Queued events for site recruitpro.local
[DEBUG] 2020-04-29 15:27:45,758 | /home/sharmila/frappe-bench/apps/frappe/frappe/utils/scheduler.py:
Site: recruitpro.local
Queued events for site recruitpro.local
[DEBUG] 2020-04-29 15:28:45,989 | /home/sharmila/frappe-bench/apps/frappe/frappe/utils/scheduler.py:
Site: recruitpro.local
Queued events for site recruitpro.local
[DEBUG] 2020-04-29 15:29:46,184 | /home/sharmila/frappe-bench/apps/frappe/frappe/utils/scheduler.py:
Site: recruitpro.local
Queued events for site recruitpro.local
[DEBUG] 2020-04-29 15:30:46,378 | /home/sharmila/frappe-bench/apps/frappe/frappe/utils/scheduler.py:
Site: recruitpro.local
Queued events for site recruitpro.local
[DEBUG] 2020-04-29 15:31:46,581 | /home/sharmila/frappe-bench/apps/frappe/frappe/utils/scheduler.py:
Site: recruitpro.local
Queued events for site recruitpro.local
[DEBUG] 2020-04-29 15:32:46,808 | /home/sharmila/frappe-bench/apps/frappe/frappe/utils/scheduler.py:
Site: recruitpro.local
Queued events for site recruitpro.local
[DEBUG] 2020-04-29 15:33:47,030 | /home/sharmila/frappe-bench/apps/frappe/frappe/utils/scheduler.py:
Site: recruitpro.local
Queued events for site recruitpro.local
[DEBUG] 2020-04-29 15:34:47,245 | /home/sharmila/frappe-bench/apps/frappe/frappe/utils/scheduler.py:
Site: recruitpro.local
Queued events for site recruitpro.local
[DEBUG] 2020-04-29 15:35:47,464 | /home/sharmila/frappe-bench/apps/frappe/frappe/utils/scheduler.py:
Site: recruitpro.local
Queued events for site recruitpro.local
[DEBUG] 2020-04-29 15:36:47,677 | /home/sharmila/frappe-bench/apps/frappe/frappe/utils/scheduler.py:
Site: recruitpro.local
Queued events for site recruitpro.local
[DEBUG] 2020-04-29 15:37:47,882 | /home/sharmila/frappe-bench/apps/frappe/frappe/utils/scheduler.py:
Site: recruitpro.local
Queued events for site recruitpro.local
[DEBUG] 2020-04-29 15:38:48,113 | /home/sharmila/frappe-bench/apps/frappe/frappe/utils/scheduler.py:
Site: recruitpro.local
Queued events for site recruitpro.local
[DEBUG] 2020-04-29 15:39:48,318 | /home/sharmila/frappe-bench/apps/frappe/frappe/utils/scheduler.py:
Site: recruitpro.local
Queued events for site recruitpro.local
[DEBUG] 2020-04-29 15:40:48,551 | /home/sharmila/frappe-bench/apps/frappe/frappe/utils/scheduler.py:
Site: recruitpro.local
Queued events for site recruitpro.local
[DEBUG] 2020-04-29 15:41:48,766 | /home/sharmila/frappe-bench/apps/frappe/frappe/utils/scheduler.py:
Site: recruitpro.local
Queued events for site recruitpro.local
[DEBUG] 2020-04-29 15:42:48,978 | /home/sharmila/frappe-bench/apps/frappe/frappe/utils/scheduler.py:
Site: recruitpro.local
Queued events for site recruitpro.local
[DEBUG] 2020-04-29 15:43:49,183 | /home/sharmila/frappe-bench/apps/frappe/frappe/utils/scheduler.py:
Site: recruitpro.local
Queued events for site recruitpro.local
[DEBUG] 2020-04-29 15:44:49,419 | /home/sharmila/frappe-bench/apps/frappe/frappe/utils/scheduler.py:
Site: recruitpro.local
Queued events for site recruitpro.local
[DEBUG] 2020-04-29 15:45:49,616 | /home/sharmila/frappe-bench/apps/frappe/frappe/utils/scheduler.py:
Site: recruitpro.local
Queued events for site recruitpro.local
[DEBUG] 2020-04-29 15:46:49,835 | /home/sharmila/frappe-bench/apps/frappe/frappe/utils/scheduler.py:
Site: recruitpro.local
Queued events for site recruitpro.local
[DEBUG] 2020-04-29 15:47:50,102 | /home/sharmila/frappe-bench/apps/frappe/frappe/utils/scheduler.py:
Site: recruitpro.local
Queued events for site recruitpro.local
[DEBUG] 2020-04-29 15:48:50,329 | /home/sharmila/frappe-bench/apps/frappe/frappe/utils/scheduler.py:
Site: recruitpro.local
Queued events for site recruitpro.local
[DEBUG] 2020-04-29 15:49:50,528 | /home/sharmila/frappe-bench/apps/frappe/frappe/utils/scheduler.py:
Site: recruitpro.local
Queued events for site recruitpro.local
[DEBUG] 2020-04-29 15:50:50,730 | /home/sharmila/frappe-bench/apps/frappe/frappe/utils/scheduler.py:
Site: recruitpro.local
Queued events for site recruitpro.local
[DEBUG] 2020-04-29 15:51:50,955 | /home/sharmila/frappe-bench/apps/frappe/frappe/utils/scheduler.py:
Site: recruitpro.local
Queued events for site recruitpro.local
[DEBUG] 2020-04-29 15:52:51,238 | /home/sharmila/frappe-bench/apps/frappe/frappe/utils/scheduler.py:
Site: recruitpro.local
Queued events for site recruitpro.local
[DEBUG] 2020-04-29 15:53:51,440 | /home/sharmila/frappe-bench/apps/frappe/frappe/utils/scheduler.py:
Site: recruitpro.local
Queued events for site recruitpro.local
[DEBUG] 2020-04-29 15:54:51,651 | /home/sharmila/frappe-bench/apps/frappe/frappe/utils/scheduler.py:
Site: recruitpro.local
Queued events for site recruitpro.local
[DEBUG] 2020-04-29 15:55:51,852 | /home/sharmila/frappe-bench/apps/frappe/frappe/utils/scheduler.py:
Site: recruitpro.local
Queued events for site recruitpro.local
[DEBUG] 2020-04-29 15:56:52,083 | /home/sharmila/frappe-bench/apps/frappe/frappe/utils/scheduler.py:
Site: recruitpro.local
Queued events for site recruitpro.local
[DEBUG] 2020-04-29 15:57:52,302 | /home/sharmila/frappe-bench/apps/frappe/frappe/utils/scheduler.py:
Site: recruitpro.local
Queued events for site recruitpro.local
[DEBUG] 2020-04-29 15:58:52,510 | /home/sharmila/frappe-bench/apps/frappe/frappe/utils/scheduler.py:
Site: recruitpro.local
Queued events for site recruitpro.local
[DEBUG] 2020-04-29 15:59:52,716 | /home/sharmila/frappe-bench/apps/frappe/frappe/utils/scheduler.py:
Site: recruitpro.local
Queued events for site recruitpro.local
[DEBUG] 2020-04-29 16:00:52,983 | /home/sharmila/frappe-bench/apps/frappe/frappe/utils/scheduler.py:
Site: recruitpro.local
Queued events for site recruitpro.local
[DEBUG] 2020-04-29 16:01:53,194 | /home/sharmila/frappe-bench/apps/frappe/frappe/utils/scheduler.py:
Site: recruitpro.local
Queued events for site recruitpro.local
[DEBUG] 2020-04-29 16:02:53,430 | /home/sharmila/frappe-bench/apps/frappe/frappe/utils/scheduler.py:
Site: recruitpro.local
Queued events for site recruitpro.local
[DEBUG] 2020-04-29 16:03:53,634 | /home/sharmila/frappe-bench/apps/frappe/frappe/utils/scheduler.py:
Site: recruitpro.local
Queued events for site recruitpro.local
[DEBUG] 2020-04-29 16:04:53,904 | /home/sharmila/frappe-bench/apps/frappe/frappe/utils/scheduler.py:
Site: recruitpro.local
Queued events for site recruitpro.local
[DEBUG] 2020-04-29 16:05:54,115 | /home/sharmila/frappe-bench/apps/frappe/frappe/utils/scheduler.py:
Site: recruitpro.local
Queued events for site recruitpro.local
[DEBUG] 2020-04-29 16:06:54,330 | /home/sharmila/frappe-bench/apps/frappe/frappe/utils/scheduler.py:
Site: recruitpro.local
Queued events for site recruitpro.local
[DEBUG] 2020-04-29 16:07:54,540 | /home/sharmila/frappe-bench/apps/frappe/frappe/utils/scheduler.py:
Site: recruitpro.local
Queued events for site recruitpro.local
[DEBUG] 2020-04-29 16:08:54,778 | /home/sharmila/frappe-bench/apps/frappe/frappe/utils/scheduler.py:
Site: recruitpro.local
Queued events for site recruitpro.local
[DEBUG] 2020-04-29 16:09:54,975 | /home/sharmila/frappe-bench/apps/frappe/frappe/utils/scheduler.py:
Site: recruitpro.local
Queued events for site recruitpro.local
[DEBUG] 2020-04-29 16:10:55,227 | /home/sharmila/frappe-bench/apps/frappe/frappe/utils/scheduler.py:
Site: recruitpro.local
Queued events for site recruitpro.local
[DEBUG] 2020-04-29 16:11:55,461 | /home/sharmila/frappe-bench/apps/frappe/frappe/utils/scheduler.py:
Site: recruitpro.local
Queued events for site recruitpro.local
[DEBUG] 2020-04-29 16:12:55,743 | /home/sharmila/frappe-bench/apps/frappe/frappe/utils/scheduler.py:
Site: recruitpro.local
Queued events for site recruitpro.local
[DEBUG] 2020-04-29 16:13:55,965 | /home/sharmila/frappe-bench/apps/frappe/frappe/utils/scheduler.py:
Site: recruitpro.local
Queued events for site recruitpro.local
[DEBUG] 2020-04-29 16:14:56,231 | /home/sharmila/frappe-bench/apps/frappe/frappe/utils/scheduler.py:
Site: recruitpro.local
Queued events for site recruitpro.local
[DEBUG] 2020-04-29 16:15:56,432 | /home/sharmila/frappe-bench/apps/frappe/frappe/utils/scheduler.py:
Site: recruitpro.local
Queued events for site recruitpro.local
[DEBUG] 2020-04-29 16:16:56,663 | /home/sharmila/frappe-bench/apps/frappe/frappe/utils/scheduler.py:
Site: recruitpro.local
Queued events for site recruitpro.local
[DEBUG] 2020-04-29 16:17:56,879 | /home/sharmila/frappe-bench/apps/frappe/frappe/utils/scheduler.py:
Site: recruitpro.local
Queued events for site recruitpro.local
[DEBUG] 2020-04-29 16:18:57,084 | /home/sharmila/frappe-bench/apps/frappe/frappe/utils/scheduler.py:
Site: recruitpro.local
Queued events for site recruitpro.local
[DEBUG] 2020-04-29 16:19:57,288 | /home/sharmila/frappe-bench/apps/frappe/frappe/utils/scheduler.py:
Site: recruitpro.local
Queued events for site recruitpro.local
[DEBUG] 2020-04-29 16:20:57,503 | /home/sharmila/frappe-bench/apps/frappe/frappe/utils/scheduler.py:
Site: recruitpro.local
Queued events for site recruitpro.local
[DEBUG] 2020-04-29 16:21:57,711 | /home/sharmila/frappe-bench/apps/frappe/frappe/utils/scheduler.py:
Site: recruitpro.local
Queued events for site recruitpro.local
[DEBUG] 2020-04-29 16:22:58,114 | /home/sharmila/frappe-bench/apps/frappe/frappe/utils/scheduler.py:
Site: recruitpro.local
Queued events for site recruitpro.local
[DEBUG] 2020-04-29 16:23:58,316 | /home/sharmila/frappe-bench/apps/frappe/frappe/utils/scheduler.py:
Site: recruitpro.local
Queued events for site recruitpro.local
[DEBUG] 2020-04-29 16:24:58,553 | /home/sharmila/frappe-bench/apps/frappe/frappe/utils/scheduler.py:
Site: recruitpro.local
Queued events for site recruitpro.local
[DEBUG] 2020-04-29 16:25:58,749 | /home/sharmila/frappe-bench/apps/frappe/frappe/utils/scheduler.py:
Site: recruitpro.local
Queued events for site recruitpro.local
[DEBUG] 2020-04-29 16:26:58,971 | /home/sharmila/frappe-bench/apps/frappe/frappe/utils/scheduler.py:
Site: recruitpro.local
Queued events for site recruitpro.local
[DEBUG] 2020-04-29 16:27:59,221 | /home/sharmila/frappe-bench/apps/frappe/frappe/utils/scheduler.py:
Site: recruitpro.local
Queued events for site recruitpro.local
[DEBUG] 2020-04-29 16:28:59,449 | /home/sharmila/frappe-bench/apps/frappe/frappe/utils/scheduler.py:
Site: recruitpro.local
Queued events for site recruitpro.local
[DEBUG] 2020-04-29 16:29:59,805 | /home/sharmila/frappe-bench/apps/frappe/frappe/utils/scheduler.py:
Site: recruitpro.local
Queued events for site recruitpro.local
[DEBUG] 2020-04-29 16:31:00,015 | /home/sharmila/frappe-bench/apps/frappe/frappe/utils/scheduler.py:
Site: recruitpro.local
Queued events for site recruitpro.local
[DEBUG] 2020-04-29 16:32:00,261 | /home/sharmila/frappe-bench/apps/frappe/frappe/utils/scheduler.py:
Site: recruitpro.local
Queued events for site recruitpro.local
[DEBUG] 2020-04-29 16:33:00,531 | /home/sharmila/frappe-bench/apps/frappe/frappe/utils/scheduler.py:
Site: recruitpro.local
Queued events for site recruitpro.local
[DEBUG] 2020-04-29 16:34:00,734 | /home/sharmila/frappe-bench/apps/frappe/frappe/utils/scheduler.py:
Site: recruitpro.local
Queued events for site recruitpro.local
[DEBUG] 2020-04-29 16:35:00,939 | /home/sharmila/frappe-bench/apps/frappe/frappe/utils/scheduler.py:
Site: recruitpro.local
Queued events for site recruitpro.local
[DEBUG] 2020-04-29 16:36:01,387 | /home/sharmila/frappe-bench/apps/frappe/frappe/utils/scheduler.py:
Site: recruitpro.local
Queued events for site recruitpro.local
[DEBUG] 2020-04-29 16:37:01,591 | /home/sharmila/frappe-bench/apps/frappe/frappe/utils/scheduler.py:
Site: recruitpro.local
Queued events for site recruitpro.local
[DEBUG] 2020-04-29 16:38:01,815 | /home/sharmila/frappe-bench/apps/frappe/frappe/utils/scheduler.py:
Site: recruitpro.local
Queued events for site recruitpro.local
[DEBUG] 2020-04-29 16:39:02,036 | /home/sharmila/frappe-bench/apps/frappe/frappe/utils/scheduler.py:
Site: recruitpro.local
Queued events for site recruitpro.local
[DEBUG] 2020-04-29 16:40:02,259 | /home/sharmila/frappe-bench/apps/frappe/frappe/utils/scheduler.py:
Site: recruitpro.local
Queued events for site recruitpro.local
[DEBUG] 2020-04-29 16:41:02,482 | /home/sharmila/frappe-bench/apps/frappe/frappe/utils/scheduler.py:
Site: recruitpro.local
Queued events for site recruitpro.local
[DEBUG] 2020-04-29 16:42:02,687 | /home/sharmila/frappe-bench/apps/frappe/frappe/utils/scheduler.py:
Site: recruitpro.local
Queued events for site recruitpro.local
[DEBUG] 2020-04-29 16:43:02,884 | /home/sharmila/frappe-bench/apps/frappe/frappe/utils/scheduler.py:
Site: recruitpro.local
Queued events for site recruitpro.local
[DEBUG] 2020-04-29 16:44:03,121 | /home/sharmila/frappe-bench/apps/frappe/frappe/utils/scheduler.py:
Site: recruitpro.local
Queued events for site recruitpro.local
[DEBUG] 2020-04-29 16:45:03,326 | /home/sharmila/frappe-bench/apps/frappe/frappe/utils/scheduler.py:
Site: recruitpro.local
Queued events for site recruitpro.local
[DEBUG] 2020-04-29 16:46:03,537 | /home/sharmila/frappe-bench/apps/frappe/frappe/utils/scheduler.py:
Site: recruitpro.local
Queued events for site recruitpro.local
[DEBUG] 2020-04-29 16:47:03,754 | /home/sharmila/frappe-bench/apps/frappe/frappe/utils/scheduler.py:
Site: recruitpro.local
Queued events for site recruitpro.local
[DEBUG] 2020-04-29 16:48:03,987 | /home/sharmila/frappe-bench/apps/frappe/frappe/utils/scheduler.py:
Site: recruitpro.local
Queued events for site recruitpro.local
[DEBUG] 2020-04-29 16:49:04,194 | /home/sharmila/frappe-bench/apps/frappe/frappe/utils/scheduler.py:
Site: recruitpro.local
Queued events for site recruitpro.local
[DEBUG] 2020-04-29 16:50:04,414 | /home/sharmila/frappe-bench/apps/frappe/frappe/utils/scheduler.py:
Site: recruitpro.local
Queued events for site recruitpro.local
[DEBUG] 2020-04-29 16:51:04,635 | /home/sharmila/frappe-bench/apps/frappe/frappe/utils/scheduler.py:
Site: recruitpro.local
Queued events for site recruitpro.local
[DEBUG] 2020-04-29 16:52:04,865 | /home/sharmila/frappe-bench/apps/frappe/frappe/utils/scheduler.py:
Site: recruitpro.local
Queued events for site recruitpro.local
[DEBUG] 2020-04-29 16:53:05,076 | /home/sharmila/frappe-bench/apps/frappe/frappe/utils/scheduler.py:
Site: recruitpro.local
Queued events for site recruitpro.local
[DEBUG] 2020-04-29 16:54:05,285 | /home/sharmila/frappe-bench/apps/frappe/frappe/utils/scheduler.py:
Site: recruitpro.local
Queued events for site recruitpro.local
[DEBUG] 2020-04-29 16:55:05,492 | /home/sharmila/frappe-bench/apps/frappe/frappe/utils/scheduler.py:
Site: recruitpro.local
Queued events for site recruitpro.local
[DEBUG] 2020-04-29 16:56:05,792 | /home/sharmila/frappe-bench/apps/frappe/frappe/utils/scheduler.py:
Site: recruitpro.local
Queued events for site recruitpro.local
[DEBUG] 2020-04-29 16:57:05,999 | /home/sharmila/frappe-bench/apps/frappe/frappe/utils/scheduler.py:
Site: recruitpro.local
Queued events for site recruitpro.local
[DEBUG] 2020-04-29 16:58:06,210 | /home/sharmila/frappe-bench/apps/frappe/frappe/utils/scheduler.py:
Site: recruitpro.local
Queued events for site recruitpro.local
[DEBUG] 2020-04-29 16:59:06,420 | /home/sharmila/frappe-bench/apps/frappe/frappe/utils/scheduler.py:
Site: recruitpro.local
Queued events for site recruitpro.local
[DEBUG] 2020-04-29 17:00:06,662 | /home/sharmila/frappe-bench/apps/frappe/frappe/utils/scheduler.py:
Site: recruitpro.local
Queued events for site recruitpro.local
[DEBUG] 2020-04-29 17:01:06,876 | /home/sharmila/frappe-bench/apps/frappe/frappe/utils/scheduler.py:
Site: recruitpro.local
Queued events for site recruitpro.local
[DEBUG] 2020-04-29 17:02:07,080 | /home/sharmila/frappe-bench/apps/frappe/frappe/utils/scheduler.py:
Site: recruitpro.local
Queued events for site recruitpro.local
[DEBUG] 2020-04-29 17:03:07,306 | /home/sharmila/frappe-bench/apps/frappe/frappe/utils/scheduler.py:
Site: recruitpro.local
Queued events for site recruitpro.local
[DEBUG] 2020-04-29 17:04:07,534 | /home/sharmila/frappe-bench/apps/frappe/frappe/utils/scheduler.py:
Site: recruitpro.local
Queued events for site recruitpro.local
[DEBUG] 2020-04-29 17:05:07,749 | /home/sharmila/frappe-bench/apps/frappe/frappe/utils/scheduler.py:
Site: recruitpro.local
Queued events for site recruitpro.local
[DEBUG] 2020-04-29 17:06:07,952 | /home/sharmila/frappe-bench/apps/frappe/frappe/utils/scheduler.py:
Site: recruitpro.local
Queued events for site recruitpro.local
[DEBUG] 2020-04-29 17:07:08,163 | /home/sharmila/frappe-bench/apps/frappe/frappe/utils/scheduler.py:
Site: recruitpro.local
Queued events for site recruitpro.local
[DEBUG] 2020-04-29 17:08:08,384 | /home/sharmila/frappe-bench/apps/frappe/frappe/utils/scheduler.py:
Site: recruitpro.local
Queued events for site recruitpro.local
[DEBUG] 2020-04-29 17:09:08,592 | /home/sharmila/frappe-bench/apps/frappe/frappe/utils/scheduler.py:
Site: recruitpro.local
Queued events for site recruitpro.local
[DEBUG] 2020-04-29 17:10:08,798 | /home/sharmila/frappe-bench/apps/frappe/frappe/utils/scheduler.py:
Site: recruitpro.local
Queued events for site recruitpro.local
[DEBUG] 2020-04-29 17:11:09,008 | /home/sharmila/frappe-bench/apps/frappe/frappe/utils/scheduler.py:
Site: recruitpro.local
Queued events for site recruitpro.local
[DEBUG] 2020-04-29 17:12:09,228 | /home/sharmila/frappe-bench/apps/frappe/frappe/utils/scheduler.py:
Site: recruitpro.local
Queued events for site recruitpro.local
[DEBUG] 2020-04-29 17:13:09,440 | /home/sharmila/frappe-bench/apps/frappe/frappe/utils/scheduler.py:
Site: recruitpro.local
Queued events for site recruitpro.local
[DEBUG] 2020-04-29 17:14:09,653 | /home/sharmila/frappe-bench/apps/frappe/frappe/utils/scheduler.py:
Site: recruitpro.local
Queued events for site recruitpro.local
[DEBUG] 2020-04-29 17:15:09,867 | /home/sharmila/frappe-bench/apps/frappe/frappe/utils/scheduler.py:
Site: recruitpro.local
Queued events for site recruitpro.local
[DEBUG] 2020-04-29 17:16:10,086 | /home/sharmila/frappe-bench/apps/frappe/frappe/utils/scheduler.py:
Site: recruitpro.local
Queued events for site recruitpro.local
[DEBUG] 2020-04-29 17:17:10,288 | /home/sharmila/frappe-bench/apps/frappe/frappe/utils/scheduler.py:
Site: recruitpro.local
Queued events for site recruitpro.local
[DEBUG] 2020-04-29 17:18:10,558 | /home/sharmila/frappe-bench/apps/frappe/frappe/utils/scheduler.py:
Site: recruitpro.local
Queued events for site recruitpro.local
[DEBUG] 2020-04-29 17:19:10,786 | /home/sharmila/frappe-bench/apps/frappe/frappe/utils/scheduler.py:
Site: recruitpro.local
Queued events for site recruitpro.local
[DEBUG] 2020-04-29 17:20:11,006 | /home/sharmila/frappe-bench/apps/frappe/frappe/utils/scheduler.py:
Site: recruitpro.local
Queued events for site recruitpro.local
[DEBUG] 2020-04-29 17:21:11,222 | /home/sharmila/frappe-bench/apps/frappe/frappe/utils/scheduler.py:
Site: recruitpro.local
Queued events for site recruitpro.local
[DEBUG] 2020-04-29 17:22:11,435 | /home/sharmila/frappe-bench/apps/frappe/frappe/utils/scheduler.py:
Site: recruitpro.local
Queued events for site recruitpro.local
[DEBUG] 2020-04-29 17:23:11,637 | /home/sharmila/frappe-bench/apps/frappe/frappe/utils/scheduler.py:
Site: recruitpro.local
Queued events for site recruitpro.local
[DEBUG] 2020-04-29 17:24:11,874 | /home/sharmila/frappe-bench/apps/frappe/frappe/utils/scheduler.py:
Site: recruitpro.local
Queued events for site recruitpro.local
[DEBUG] 2020-04-29 17:25:12,084 | /home/sharmila/frappe-bench/apps/frappe/frappe/utils/scheduler.py:
Site: recruitpro.local
Queued events for site recruitpro.local
[DEBUG] 2020-04-29 17:26:12,297 | /home/sharmila/frappe-bench/apps/frappe/frappe/utils/scheduler.py:
Site: recruitpro.local
Queued events for site recruitpro.local
[DEBUG] 2020-04-29 17:27:12,505 | /home/sharmila/frappe-bench/apps/frappe/frappe/utils/scheduler.py:
Site: recruitpro.local
Queued events for site recruitpro.local
[DEBUG] 2020-04-29 17:28:12,744 | /home/sharmila/frappe-bench/apps/frappe/frappe/utils/scheduler.py:
Site: recruitpro.local
Queued events for site recruitpro.local
[DEBUG] 2020-04-29 17:29:12,962 | /home/sharmila/frappe-bench/apps/frappe/frappe/utils/scheduler.py:
Site: recruitpro.local
Queued events for site recruitpro.local
[DEBUG] 2020-04-29 17:30:13,175 | /home/sharmila/frappe-bench/apps/frappe/frappe/utils/scheduler.py:
Site: recruitpro.local
Queued events for site recruitpro.local
[DEBUG] 2020-04-29 17:31:13,390 | /home/sharmila/frappe-bench/apps/frappe/frappe/utils/scheduler.py:
Site: recruitpro.local
Queued events for site recruitpro.local
[DEBUG] 2020-04-29 17:32:13,618 | /home/sharmila/frappe-bench/apps/frappe/frappe/utils/scheduler.py:
Site: recruitpro.local
Queued events for site recruitpro.local
[DEBUG] 2020-04-29 17:33:13,832 | /home/sharmila/frappe-bench/apps/frappe/frappe/utils/scheduler.py:
Site: recruitpro.local
Queued events for site recruitpro.local
[DEBUG] 2020-04-29 17:34:14,024 | /home/sharmila/frappe-bench/apps/frappe/frappe/utils/scheduler.py:
Site: recruitpro.local
Queued events for site recruitpro.local
[DEBUG] 2020-04-29 17:35:14,239 | /home/sharmila/frappe-bench/apps/frappe/frappe/utils/scheduler.py:
Site: recruitpro.local
Queued events for site recruitpro.local
[DEBUG] 2020-04-29 17:36:14,477 | /home/sharmila/frappe-bench/apps/frappe/frappe/utils/scheduler.py:
Site: recruitpro.local
Queued events for site recruitpro.local
[DEBUG] 2020-04-29 17:37:14,688 | /home/sharmila/frappe-bench/apps/frappe/frappe/utils/scheduler.py:
Site: recruitpro.local
Queued events for site recruitpro.local
[DEBUG] 2020-04-29 17:38:14,882 | /home/sharmila/frappe-bench/apps/frappe/frappe/utils/scheduler.py:
Site: recruitpro.local
Queued events for site recruitpro.local
[DEBUG] 2020-04-29 17:39:15,083 | /home/sharmila/frappe-bench/apps/frappe/frappe/utils/scheduler.py:
Site: recruitpro.local
Queued events for site recruitpro.local
[DEBUG] 2020-04-29 17:40:15,303 | /home/sharmila/frappe-bench/apps/frappe/frappe/utils/scheduler.py:
Site: recruitpro.local
Queued events for site recruitpro.local
[DEBUG] 2020-04-29 17:41:15,571 | /home/sharmila/frappe-bench/apps/frappe/frappe/utils/scheduler.py:
Site: recruitpro.local
Queued events for site recruitpro.local
[DEBUG] 2020-04-29 17:42:15,785 | /home/sharmila/frappe-bench/apps/frappe/frappe/utils/scheduler.py:
Site: recruitpro.local
Queued events for site recruitpro.local
[DEBUG] 2020-04-29 17:43:16,003 | /home/sharmila/frappe-bench/apps/frappe/frappe/utils/scheduler.py:
Site: recruitpro.local
Queued events for site recruitpro.local
[DEBUG] 2020-04-29 17:44:16,230 | /home/sharmila/frappe-bench/apps/frappe/frappe/utils/scheduler.py:
Site: recruitpro.local
Queued events for site recruitpro.local
[DEBUG] 2020-04-29 17:45:16,435 | /home/sharmila/frappe-bench/apps/frappe/frappe/utils/scheduler.py:
Site: recruitpro.local
Queued events for site recruitpro.local
[DEBUG] 2020-04-29 17:46:16,674 | /home/sharmila/frappe-bench/apps/frappe/frappe/utils/scheduler.py:
Site: recruitpro.local
Queued events for site recruitpro.local
[DEBUG] 2020-04-29 17:47:16,875 | /home/sharmila/frappe-bench/apps/frappe/frappe/utils/scheduler.py:
Site: recruitpro.local
Queued events for site recruitpro.local
[DEBUG] 2020-04-29 17:48:17,102 | /home/sharmila/frappe-bench/apps/frappe/frappe/utils/scheduler.py:
Site: recruitpro.local
Queued events for site recruitpro.local
[DEBUG] 2020-04-29 17:49:17,320 | /home/sharmila/frappe-bench/apps/frappe/frappe/utils/scheduler.py:
Site: recruitpro.local
Queued events for site recruitpro.local
[DEBUG] 2020-04-29 17:50:17,589 | /home/sharmila/frappe-bench/apps/frappe/frappe/utils/scheduler.py:
Site: recruitpro.local
Queued events for site recruitpro.local
[DEBUG] 2020-04-29 17:51:17,798 | /home/sharmila/frappe-bench/apps/frappe/frappe/utils/scheduler.py:
Site: recruitpro.local
Queued events for site recruitpro.local
[DEBUG] 2020-04-29 17:52:18,033 | /home/sharmila/frappe-bench/apps/frappe/frappe/utils/scheduler.py:
Site: recruitpro.local
Queued events for site recruitpro.local
[DEBUG] 2020-04-29 17:53:18,240 | /home/sharmila/frappe-bench/apps/frappe/frappe/utils/scheduler.py:
Site: recruitpro.local
Queued events for site recruitpro.local
[DEBUG] 2020-04-29 17:54:18,443 | /home/sharmila/frappe-bench/apps/frappe/frappe/utils/scheduler.py:
Site: recruitpro.local
Queued events for site recruitpro.local
[DEBUG] 2020-04-29 17:55:18,668 | /home/sharmila/frappe-bench/apps/frappe/frappe/utils/scheduler.py:
Site: recruitpro.local
Queued events for site recruitpro.local
[DEBUG] 2020-04-29 17:56:18,921 | /home/sharmila/frappe-bench/apps/frappe/frappe/utils/scheduler.py:
Site: recruitpro.local
Queued events for site recruitpro.local
[DEBUG] 2020-04-29 17:57:19,148 | /home/sharmila/frappe-bench/apps/frappe/frappe/utils/scheduler.py:
Site: recruitpro.local
Queued events for site recruitpro.local
[DEBUG] 2020-04-29 17:58:19,367 | /home/sharmila/frappe-bench/apps/frappe/frappe/utils/scheduler.py:
Site: recruitpro.local
Queued events for site recruitpro.local
[DEBUG] 2020-04-29 17:59:19,583 | /home/sharmila/frappe-bench/apps/frappe/frappe/utils/scheduler.py:
Site: recruitpro.local
Queued events for site recruitpro.local
[DEBUG] 2020-04-29 18:00:19,922 | /home/sharmila/frappe-bench/apps/frappe/frappe/utils/scheduler.py:
Site: recruitpro.local
Queued events for site recruitpro.local
[DEBUG] 2020-04-29 18:01:20,150 | /home/sharmila/frappe-bench/apps/frappe/frappe/utils/scheduler.py:
Site: recruitpro.local
Queued events for site recruitpro.local
[DEBUG] 2020-04-29 18:02:20,355 | /home/sharmila/frappe-bench/apps/frappe/frappe/utils/scheduler.py:
Site: recruitpro.local
Queued events for site recruitpro.local
[DEBUG] 2020-04-29 18:03:20,639 | /home/sharmila/frappe-bench/apps/frappe/frappe/utils/scheduler.py:
Site: recruitpro.local
Queued events for site recruitpro.local
[DEBUG] 2020-04-29 18:04:20,868 | /home/sharmila/frappe-bench/apps/frappe/frappe/utils/scheduler.py:
Site: recruitpro.local
Queued events for site recruitpro.local
[DEBUG] 2020-04-29 18:05:21,090 | /home/sharmila/frappe-bench/apps/frappe/frappe/utils/scheduler.py:
Site: recruitpro.local
Queued events for site recruitpro.local
[DEBUG] 2020-04-29 18:06:21,289 | /home/sharmila/frappe-bench/apps/frappe/frappe/utils/scheduler.py:
Site: recruitpro.local
Queued events for site recruitpro.local
[DEBUG] 2020-04-29 18:07:21,502 | /home/sharmila/frappe-bench/apps/frappe/frappe/utils/scheduler.py:
Site: recruitpro.local
Queued events for site recruitpro.local
[DEBUG] 2020-04-29 18:08:21,724 | /home/sharmila/frappe-bench/apps/frappe/frappe/utils/scheduler.py:
Site: recruitpro.local
Queued events for site recruitpro.local
[DEBUG] 2020-04-29 18:09:21,949 | /home/sharmila/frappe-bench/apps/frappe/frappe/utils/scheduler.py:
Site: recruitpro.local
Queued events for site recruitpro.local
[DEBUG] 2020-04-29 18:10:22,162 | /home/sharmila/frappe-bench/apps/frappe/frappe/utils/scheduler.py:
Site: recruitpro.local
Queued events for site recruitpro.local
[DEBUG] 2020-04-29 18:11:22,372 | /home/sharmila/frappe-bench/apps/frappe/frappe/utils/scheduler.py:
Site: recruitpro.local
Queued events for site recruitpro.local
[DEBUG] 2020-04-29 18:12:22,602 | /home/sharmila/frappe-bench/apps/frappe/frappe/utils/scheduler.py:
Site: recruitpro.local
Queued events for site recruitpro.local
[DEBUG] 2020-04-29 18:13:22,810 | /home/sharmila/frappe-bench/apps/frappe/frappe/utils/scheduler.py:
Site: recruitpro.local
Queued events for site recruitpro.local
[DEBUG] 2020-04-29 18:14:23,024 | /home/sharmila/frappe-bench/apps/frappe/frappe/utils/scheduler.py:
Site: recruitpro.local
Queued events for site recruitpro.local
[DEBUG] 2020-04-29 18:15:23,229 | /home/sharmila/frappe-bench/apps/frappe/frappe/utils/scheduler.py:
Site: recruitpro.local
Queued events for site recruitpro.local
[DEBUG] 2020-04-29 18:16:23,463 | /home/sharmila/frappe-bench/apps/frappe/frappe/utils/scheduler.py:
Site: recruitpro.local
Queued events for site recruitpro.local
[DEBUG] 2020-04-29 18:17:23,678 | /home/sharmila/frappe-bench/apps/frappe/frappe/utils/scheduler.py:
Site: recruitpro.local
Queued events for site recruitpro.local
[DEBUG] 2020-04-29 18:18:23,883 | /home/sharmila/frappe-bench/apps/frappe/frappe/utils/scheduler.py:
Site: recruitpro.local
Queued events for site recruitpro.local
[DEBUG] 2020-04-29 18:19:24,110 | /home/sharmila/frappe-bench/apps/frappe/frappe/utils/scheduler.py:
Site: recruitpro.local
Queued events for site recruitpro.local
[DEBUG] 2020-04-29 18:20:24,522 | /home/sharmila/frappe-bench/apps/frappe/frappe/utils/scheduler.py:
Site: recruitpro.local
Queued events for site recruitpro.local
[DEBUG] 2020-04-29 18:21:24,741 | /home/sharmila/frappe-bench/apps/frappe/frappe/utils/scheduler.py:
Site: recruitpro.local
Queued events for site recruitpro.local
[DEBUG] 2020-04-29 18:22:24,982 | /home/sharmila/frappe-bench/apps/frappe/frappe/utils/scheduler.py:
Site: recruitpro.local
Queued events for site recruitpro.local
[DEBUG] 2020-04-29 18:23:25,193 | /home/sharmila/frappe-bench/apps/frappe/frappe/utils/scheduler.py:
Site: recruitpro.local
Queued events for site recruitpro.local
[DEBUG] 2020-04-29 18:24:25,417 | /home/sharmila/frappe-bench/apps/frappe/frappe/utils/scheduler.py:
Site: recruitpro.local
Queued events for site recruitpro.local
[DEBUG] 2020-04-29 18:25:25,616 | /home/sharmila/frappe-bench/apps/frappe/frappe/utils/scheduler.py:
Site: recruitpro.local
Queued events for site recruitpro.local
[DEBUG] 2020-04-29 18:26:25,878 | /home/sharmila/frappe-bench/apps/frappe/frappe/utils/scheduler.py:
Site: recruitpro.local
Queued events for site recruitpro.local
[DEBUG] 2020-04-29 18:27:26,096 | /home/sharmila/frappe-bench/apps/frappe/frappe/utils/scheduler.py:
Site: recruitpro.local
Queued events for site recruitpro.local
[DEBUG] 2020-04-29 18:28:26,311 | /home/sharmila/frappe-bench/apps/frappe/frappe/utils/scheduler.py:
Site: recruitpro.local
Queued events for site recruitpro.local
[DEBUG] 2020-04-29 18:29:26,515 | /home/sharmila/frappe-bench/apps/frappe/frappe/utils/scheduler.py:
Site: recruitpro.local
Queued events for site recruitpro.local
[DEBUG] 2020-04-29 18:30:26,719 | /home/sharmila/frappe-bench/apps/frappe/frappe/utils/scheduler.py:
Site: recruitpro.local
Queued events for site recruitpro.local
[DEBUG] 2020-04-29 18:31:26,931 | /home/sharmila/frappe-bench/apps/frappe/frappe/utils/scheduler.py:
Site: recruitpro.local
Queued events for site recruitpro.local
[DEBUG] 2020-04-29 18:32:27,160 | /home/sharmila/frappe-bench/apps/frappe/frappe/utils/scheduler.py:
Site: recruitpro.local
Queued events for site recruitpro.local
[DEBUG] 2020-04-29 18:33:27,369 | /home/sharmila/frappe-bench/apps/frappe/frappe/utils/scheduler.py:
Site: recruitpro.local
Queued events for site recruitpro.local
[DEBUG] 2020-04-29 18:34:27,574 | /home/sharmila/frappe-bench/apps/frappe/frappe/utils/scheduler.py:
Site: recruitpro.local
Queued events for site recruitpro.local
[DEBUG] 2020-04-29 18:35:27,788 | /home/sharmila/frappe-bench/apps/frappe/frappe/utils/scheduler.py:
Site: recruitpro.local
Queued events for site recruitpro.local
[DEBUG] 2020-04-29 18:36:27,999 | /home/sharmila/frappe-bench/apps/frappe/frappe/utils/scheduler.py:
Site: recruitpro.local
Queued events for site recruitpro.local
[DEBUG] 2020-04-29 18:37:28,195 | /home/sharmila/frappe-bench/apps/frappe/frappe/utils/scheduler.py:
Site: recruitpro.local
Queued events for site recruitpro.local
[DEBUG] 2020-04-29 18:38:28,406 | /home/sharmila/frappe-bench/apps/frappe/frappe/utils/scheduler.py:
Site: recruitpro.local
Queued events for site recruitpro.local
[DEBUG] 2020-04-29 18:39:28,612 | /home/sharmila/frappe-bench/apps/frappe/frappe/utils/scheduler.py:
Site: recruitpro.local
Queued events for site recruitpro.local
[DEBUG] 2020-04-29 18:40:28,851 | /home/sharmila/frappe-bench/apps/frappe/frappe/utils/scheduler.py:
Site: recruitpro.local
Queued events for site recruitpro.local
[DEBUG] 2020-04-29 18:41:29,317 | /home/sharmila/frappe-bench/apps/frappe/frappe/utils/scheduler.py:
Site: recruitpro.local
Queued events for site recruitpro.local
[DEBUG] 2020-04-29 18:42:29,535 | /home/sharmila/frappe-bench/apps/frappe/frappe/utils/scheduler.py:
Site: recruitpro.local
Queued events for site recruitpro.local
[DEBUG] 2020-04-29 18:43:29,746 | /home/sharmila/frappe-bench/apps/frappe/frappe/utils/scheduler.py:
Site: recruitpro.local
Queued events for site recruitpro.local
[DEBUG] 2020-04-29 18:44:29,981 | /home/sharmila/frappe-bench/apps/frappe/frappe/utils/scheduler.py:
Site: recruitpro.local
Queued events for site recruitpro.local
[DEBUG] 2020-04-29 18:45:30,188 | /home/sharmila/frappe-bench/apps/frappe/frappe/utils/scheduler.py:
Site: recruitpro.local
Queued events for site recruitpro.local
[DEBUG] 2020-04-29 18:46:30,401 | /home/sharmila/frappe-bench/apps/frappe/frappe/utils/scheduler.py:
Site: recruitpro.local
Queued events for site recruitpro.local
[DEBUG] 2020-04-29 18:47:30,625 | /home/sharmila/frappe-bench/apps/frappe/frappe/utils/scheduler.py:
Site: recruitpro.local
Queued events for site recruitpro.local
[DEBUG] 2020-04-29 18:48:30,937 | /home/sharmila/frappe-bench/apps/frappe/frappe/utils/scheduler.py:
Site: recruitpro.local
Queued events for site recruitpro.local
[DEBUG] 2020-04-29 18:49:31,139 | /home/sharmila/frappe-bench/apps/frappe/frappe/utils/scheduler.py:
Site: recruitpro.local
Queued events for site recruitpro.local
[DEBUG] 2020-04-29 18:50:31,349 | /home/sharmila/frappe-bench/apps/frappe/frappe/utils/scheduler.py:
Site: recruitpro.local
Queued events for site recruitpro.local
[DEBUG] 2020-04-29 18:51:32,721 | /home/sharmila/frappe-bench/apps/frappe/frappe/utils/scheduler.py:
Site: recruitpro.local
Queued events for site recruitpro.local
[DEBUG] 2020-04-29 18:52:32,956 | /home/sharmila/frappe-bench/apps/frappe/frappe/utils/scheduler.py:
Site: recruitpro.local
Queued events for site recruitpro.local
[DEBUG] 2020-04-29 18:53:33,188 | /home/sharmila/frappe-bench/apps/frappe/frappe/utils/scheduler.py:
Site: recruitpro.local
Queued events for site recruitpro.local
[DEBUG] 2020-04-29 18:54:33,407 | /home/sharmila/frappe-bench/apps/frappe/frappe/utils/scheduler.py:
Site: recruitpro.local
Queued events for site recruitpro.local
[DEBUG] 2020-04-29 18:55:33,626 | /home/sharmila/frappe-bench/apps/frappe/frappe/utils/scheduler.py:
Site: recruitpro.local
Queued events for site recruitpro.local
[DEBUG] 2020-04-29 18:56:33,851 | /home/sharmila/frappe-bench/apps/frappe/frappe/utils/scheduler.py:
Site: recruitpro.local
Queued events for site recruitpro.local
